#INFO: **** input file is /home/jluis/tmp/pyaim/lif.py ****
#!/usr/bin/env python

import numpy, time, h5py, os, sys
from pyscf import gto, scf, lib, dft, ao2mo

name = 'lif'

mol = gto.Mole()
mol.atom = '''
Li      0.000000      0.000000      1.565940
F      0.000000      0.000000     -0.002040
'''
dirnow = os.path.realpath(os.path.join(__file__, '..'))
basfile = os.path.join(dirnow, 'sqzp.dat')
mol.basis = 'def2-svp'
mol.verbose = 4
mol.spin = 0
mol.symmetry = 1
mol.charge = 0
mol.build()

mf = dft.RKS(mol)
mf.max_cycle = 150
#mf.grids.atom_grid = {'H': (20,110), 'O': (20,110)}
#mf.grids.prune = None
mf.chkfile = name+'.chk'
mf.xc = 'rpw86,pbe'
ehf = mf.kernel()

dm = mf.make_rdm1()
nao = mol.nao_nr()

coords = mf.grids.coords
weights = mf.grids.weights
ngrids = len(weights)
ao = dft.numint.eval_ao(mol, coords, deriv=1)
rho = dft.numint.eval_rho(mol, ao, dm, xctype='GGA')
lib.logger.info(mf,'Rho = %.12f' % numpy.einsum('i,i->', rho[0], weights))
ex, vx = dft.libxc.eval_xc('rPW86,', rho)[:2]
ec, vc = dft.libxc.eval_xc(',PBE', rho)[:2]
ex = numpy.einsum('i,i,i->', ex, rho[0], weights)
ec = numpy.einsum('i,i,i->', ec, rho[0], weights)

s = mol.intor('int1e_ovlp')
t = mol.intor('int1e_kin')
v = mol.intor('int1e_nuc')
eri_ao = ao2mo.restore(1,mf._eri,nao)
eri_ao = eri_ao.reshape(nao,nao,nao,nao)

enuc = mol.energy_nuc() 
ekin = numpy.einsum('ij,ji->',t,dm)
pop = numpy.einsum('ij,ji->',s,dm)
elnuce = numpy.einsum('ij,ji->',v,dm)
lib.logger.info(mf,'Population : %12.6f' % pop)
lib.logger.info(mf,'Kinetic energy : %12.6f' % ekin)
lib.logger.info(mf,'Nuclear Atraction energy : %12.6f' % elnuce)
lib.logger.info(mf,'Nuclear Repulsion energy : %12.6f' % enuc)
bie1 = numpy.einsum('ijkl,ij,kl->',eri_ao,dm,dm)*0.5 # J
bie2 = numpy.einsum('ijkl,il,jk->',eri_ao,dm,dm)*0.25 # XC
pairs1 = numpy.einsum('ij,kl,ij,kl->',dm,dm,s,s) # J
pairs2 = numpy.einsum('ij,kl,li,kj->',dm,dm,s,s)*0.5 # XC
pairs = (pairs1 - pairs2)
lib.logger.info(mf,'Coulomb Pairs : %12.6f' % (pairs1))
lib.logger.info(mf,'XC Pairs : %12.6f' % (pairs2))
lib.logger.info(mf,'Pairs : %12.6f' % pairs)
lib.logger.info(mf,'J energy : %12.6f' % bie1)
lib.logger.info(mf,'XC energy : %12.6f' % -bie2)
lib.logger.info(mf,'EE energy : %12.6f' % (bie1-bie2))
etot = enuc + ekin + elnuce + bie1 - bie2
lib.logger.info(mf,'HF Total energy : %12.6f' % etot)
lib.logger.info(mf,'Ex : %12.6f' % ex)
lib.logger.info(mf,'Ec : %12.6f' % ec)
lib.logger.info(mf,'Exc : %12.6f' % (ex+ec))
etot = enuc + ekin + elnuce + bie1 + ex + ec
lib.logger.info(mf,'DFT Total energy : %12.6f' % etot)

lib.logger.info(mf,'Write aom on AO basis to HDF5 file')
atom_dic = {'overlap':s}
lib.chkfile.save(name+'_integrals.h5', 'molecule', atom_dic)

#INFO: ******************** input file end ********************


System: ('Linux', 'cromo', '4.9.0-0.bpo.3-amd64', '#1 SMP Debian 4.9.30-2+deb9u5~bpo8+1 (2017-09-28)', 'x86_64', '')  Threads 4
Python 2.7.14 (default, Apr 10 2018, 19:21:27) 
[GCC 7.3.0]
numpy 1.15.4  scipy 1.2.0
Date: Thu Jan  3 04:40:54 2019
PySCF version 1.6
PySCF path  /home/jluis/src/pyscf/dev/pyscf
GIT ORIG_HEAD 21b86f213f74edcb007f36d31e83475226de7b3a
GIT HEAD      ref: refs/heads/dev
GIT dev branch  b2420273effddedd05459f6520b493977f9258d7

[ENV] PYSCF_MAX_MEMORY 32000
[ENV] PYSCF_TMPDIR /scratch-ssd/jluis
[CONFIG] conf_file None
[INPUT] verbose = 4
[INPUT] num. atoms = 2
[INPUT] num. electrons = 12
[INPUT] charge = 0
[INPUT] spin (= nelec alpha-beta = 2S) = 0
[INPUT] symmetry 1 subgroup None
[INPUT] Mole.unit = angstrom
[INPUT]  1 Li     0.000000000000   0.000000000000   1.175985000000 AA    0.000000000000   0.000000000000   2.222289576597 Bohr
[INPUT]  2 F      0.000000000000   0.000000000000  -0.391995000000 AA    0.000000000000   0.000000000000  -0.740763192199 Bohr

nuclear repulsion = 9.11222381333946
point group symmetry = Coov
num. orbitals of irrep A1 = 11
num. orbitals of irrep E1x = 5
num. orbitals of irrep E1y = 5
num. orbitals of irrep E2x = 1
num. orbitals of irrep E2y = 1
number of shells = 11
number of NR pGTOs = 40
number of NR cGTOs = 23
basis = def2-svp
ecp = {}
CPU time:         0.44


******** <class 'pyscf.dft.rks_symm.SymAdaptedRKS'> ********
method = SymAdaptedRKS-SymAdaptedRHF-RHF
initial guess = minao
damping factor = 0
level shift factor = 0
DIIS = <class 'pyscf.scf.diis.CDIIS'>
DIIS start cycle = 1
DIIS space = 8
SCF tol = 1e-09
SCF gradient tol = None
max. SCF cycles = 150
direct_scf = True
direct_scf_tol = 1e-13
chkfile to save SCF result = lif.chk
max_memory 32000 MB (current use 73 MB)
XC functionals = rpw86,pbe
radial grids: 
    Treutler-Ahlrichs (JCP 102, 346 (M4)) radial grids
    
becke partition: Becke, JCP, 88, 2547 (1988)
pruning grids: <function nwchem_prune at 0x2b24794bf230>
grids dens level: 3
symmetrized grids: 1
atomic radii adjust function: <function treutler_atomic_radii_adjust at 0x2b24794bf140>
Freeze 0 electrons in irreps []
    12 free electrons in irreps A1 E1x E1y E2x E2y
Set gradient conv threshold to 3.16228e-05
tot grids = 26688
init E= -107.355297182081
HOMO (E1y) = -0.492957557899091  LUMO (A1) = -0.0953260197385075
cycle= 1 E= -107.374087527049  delta_E= -0.0188  |g|= 0.876  |ddm|= 0.96
HOMO (E1x) = -0.00234475475957811  LUMO (A1) = 0.0330321679487536
cycle= 2 E= -100.977007541665  delta_E=  6.4  |g|=  4.4  |ddm|= 2.93
HOMO (E1y) = -0.197594707013258  LUMO (A1) = -0.0389077218892141
cycle= 3 E= -107.491457996846  delta_E= -6.51  |g|= 0.405  |ddm|= 2.65
HOMO (E1x) = -0.18834621644687  LUMO (A1) = -0.0554626896382292
cycle= 4 E= -107.513645657564  delta_E= -0.0222  |g|= 0.0716  |ddm|= 0.18
HOMO (E1y) = -0.198656483092028  LUMO (A1) = -0.058703104878663
cycle= 5 E= -107.514480353426  delta_E= -0.000835  |g|= 0.0284  |ddm|= 0.0321
HOMO (E1y) = -0.203017772577138  LUMO (A1) = -0.0595262624964949
cycle= 6 E= -107.514618726956  delta_E= -0.000138  |g|= 0.00499  |ddm|= 0.0158
HOMO (E1x) = -0.203591889908235  LUMO (A1) = -0.0594325327542744
cycle= 7 E= -107.514623037219  delta_E= -4.31e-06  |g|= 5.86e-05  |ddm|= 0.0032
HOMO (E1y) = -0.203580700922344  LUMO (A1) = -0.0594082909863526
cycle= 8 E= -107.514623037785  delta_E= -5.66e-10  |g|= 3.77e-05  |ddm|= 7.98e-05
HOMO (E1x) = -0.203574105623  LUMO (A1) = -0.0594073199018752
cycle= 9 E= -107.51462303805  delta_E= -2.65e-10  |g|= 6.1e-07  |ddm|= 2.65e-05
HOMO (E1x) = -0.203573771749923  LUMO (A1) = -0.059407250285415
Extra cycle  E= -107.51462303805  delta_E= 4.12e-13  |g|= 1.44e-06  |ddm|= 1.3e-06
converged SCF energy = -107.51462303805
Rho = 12.000064898131
Population :    12.000000
Kinetic energy :   106.681775
Nuclear Atraction energy :  -275.792303
Nuclear Repulsion energy :     9.112224
Coulomb Pairs :   144.000000
XC Pairs :    12.000000
Pairs :   132.000000
J energy :    65.105543
XC energy :   -11.941571
EE energy :    53.163973
HF Total energy :  -106.834332
Ex :   -12.241801
Ec :    -0.380061
Exc :   -12.621862
DFT Total energy :  -107.514623
Write aom on AO basis to HDF5 file
