
******** <class 'aom.Aom'> flags ********
* General Info
Date Sat Jan  5 04:11:10 2019
Python 2.7.14 (default, Apr 10 2018, 19:21:27) 
[GCC 7.3.0]
Numpy 1.15.4
Number of threads 4
Verbose level 4
Scratch dir /scratch-ssd/jluis
Input data file c2f4.chk
Max_memory 32000 MB (current use 76 MB)
* Molecular Info
Num atoms 6
Num electrons 48
Total charge 0
Spin 0 
Atom Coordinates (Bohr)
Nuclei 0 with charge 6 position : -1.252159  0.000000  0.000000
Nuclei 1 with charge 6 position : 1.252159  0.000000  0.000000
Nuclei 2 with charge 9 position : -2.623344  -2.079432  0.000000
Nuclei 3 with charge 9 position : 2.623344  -2.079432  0.000000
Nuclei 4 with charge 9 position : -2.623344  2.079432  0.000000
Nuclei 5 with charge 9 position : 2.623344  2.079432  0.000000
* Basis Info
Number of molecular orbitals 390
Orbital EPS occ criterion 1.000000e-06
Number of occupied molecular orbitals 24
Number of molecular primitives 390
* Surface Info
Surface file c2f4.chk.h5
Surface for nuc 0
Nuclear coordinate -1.252162  0.000000  0.000000
Rho nuclear coordinate -1.252162  0.000000  0.000000
Npang points 14641
Ntrial 11
Rmin for surface 0.820444
Rmax for surface 10.000000
* Radial and angular grid Info
Npang points inside 3074
Number of radial points outside 321
Number of radial points inside 221
Radial outside quadrature legendre
Radial outside mapping exp
Radial inside quadrature legendre
Radial inside mapping exp
Slater-Bragg radii 0.661404
Beta-Sphere factor 0.400000
Beta-Sphere radi 0.328178

* Go with inside betasphere
Time in Bsphere 3.748 (sec)
* Go outside betasphere
Time out Bsphere 28.968 (sec)
        #0        #1        #2        #3        #4        #5        #6        #7        #8        #9        #10       #11       #12       #13       #14  
0       0.00000
1       0.00000   0.00000
2       0.00000   0.00000   0.00000
3      -0.00000   0.00000   0.00000   0.00000
4      -0.00000  -0.00000   0.00000   0.00000   0.49954
5      -0.00000   0.00000   0.00000   0.00000   0.49953   0.49954
6       0.00000   0.00000   0.00001   0.00001  -0.00365  -0.00392   0.04540
7       0.00000   0.00000   0.00001   0.00001  -0.00354  -0.00358   0.03445   0.03039
8       0.00000   0.00000   0.00000   0.00000   0.00000  -0.00000   0.00000   0.00000   0.01953
9       0.00000   0.00000   0.00000  -0.00000  -0.00000   0.00000   0.00000   0.00000   0.01537   0.01311
10      0.00000   0.00000   0.00000   0.00001  -0.00204  -0.00356   0.09318   0.04724  -0.00000   0.00000   0.33738
11      0.00000   0.00000   0.00001   0.00001  -0.00395  -0.00403   0.05277   0.04670   0.00000   0.00000   0.07286   0.07269
12     -0.00000  -0.00000   0.00001   0.00000  -0.00309  -0.00233   0.00345   0.02320   0.00000   0.00000  -0.11680   0.03674   0.10900
13      0.00001   0.00001   0.00000  -0.00000  -0.00000  -0.00000   0.00000   0.00000   0.03878   0.02940  -0.00000   0.00000   0.00000   0.07958
14      0.00001   0.00001   0.00000  -0.00000   0.00000  -0.00000   0.00000   0.00000   0.02769   0.02346   0.00000   0.00000  -0.00000   0.05395   0.04266
15     -0.00000  -0.00000  -0.00000  -0.00000  -0.00000   0.00000  -0.00000   0.00000  -0.00000  -0.00000   0.00000   0.00000  -0.00000   0.00000   0.00000
16     -0.00000   0.00000  -0.00000  -0.00000   0.00000  -0.00000  -0.00000  -0.00000   0.00000   0.00000  -0.00000  -0.00000  -0.00000  -0.00000   0.00000
17      0.00000   0.00000   0.00000   0.00000  -0.00061  -0.00069   0.01065   0.00523   0.00000   0.00000   0.04167   0.00732  -0.01814   0.00000   0.00000
18     -0.00000  -0.00000   0.00000  -0.00000   0.00000   0.00000   0.00000   0.00000  -0.00000  -0.00000  -0.00000  -0.00000  -0.00000  -0.00000   0.00000
19     -0.00000  -0.00000  -0.00000  -0.00000   0.00000  -0.00000   0.00000  -0.00000   0.00000  -0.00000  -0.00000   0.00000   0.00000   0.00000   0.00000
20      0.00000   0.00000  -0.00000   0.00000   0.00000   0.00000  -0.00000  -0.00000  -0.00134   0.00074   0.00000  -0.00000  -0.00000  -0.00474   0.00110
21     -0.00000   0.00000   0.00000   0.00000  -0.00132  -0.00048  -0.02482  -0.00455   0.00000   0.00000  -0.14410  -0.00810   0.07400   0.00000   0.00000
22      0.00000   0.00000  -0.00000  -0.00000   0.00000   0.00000  -0.00000  -0.00000  -0.00102  -0.00033  -0.00000  -0.00000   0.00000  -0.00298  -0.00084
23     -0.00000   0.00000  -0.00000   0.00000   0.00000   0.00000  -0.00000   0.00000  -0.00000   0.00000  -0.00000   0.00000  -0.00000   0.00000  -0.00000
        #15       #16       #17       #18       #19       #20       #21       #22       #23  
15      0.13218
16      0.07166   0.04516
17      0.00000  -0.00000   0.00998
18      0.00000   0.00000  -0.00000   0.00694
19      0.00000   0.00000   0.00000   0.00488   0.00398
20     -0.00000   0.00000  -0.00000  -0.00000   0.00000   0.00468
21     -0.00000   0.00000  -0.01464  -0.00000  -0.00000  -0.00000   0.07804
22      0.00000   0.00000  -0.00000  -0.00000   0.00000   0.00184  -0.00000   0.00110
23      0.19717   0.09928  -0.00000  -0.00000   0.00000  -0.00000  -0.00000   0.00000   0.30820
Write info to HDF5 file

AOM of atom 0 done
    CPU time for AOM build    130.84 sec

******** <class 'aom.Aom'> flags ********
* General Info
Date Sat Jan  5 04:11:43 2019
Python 2.7.14 (default, Apr 10 2018, 19:21:27) 
[GCC 7.3.0]
Numpy 1.15.4
Number of threads 4
Verbose level 4
Scratch dir /scratch-ssd/jluis
Input data file c2f4.chk
Max_memory 32000 MB (current use 121 MB)
* Molecular Info
Num atoms 6
Num electrons 48
Total charge 0
Spin 0 
Atom Coordinates (Bohr)
Nuclei 0 with charge 6 position : -1.252159  0.000000  0.000000
Nuclei 1 with charge 6 position : 1.252159  0.000000  0.000000
Nuclei 2 with charge 9 position : -2.623344  -2.079432  0.000000
Nuclei 3 with charge 9 position : 2.623344  -2.079432  0.000000
Nuclei 4 with charge 9 position : -2.623344  2.079432  0.000000
Nuclei 5 with charge 9 position : 2.623344  2.079432  0.000000
* Basis Info
Number of molecular orbitals 390
Orbital EPS occ criterion 1.000000e-06
Number of occupied molecular orbitals 24
Number of molecular primitives 390
* Surface Info
Surface file c2f4.chk.h5
Surface for nuc 1
Nuclear coordinate 1.252162  -0.000000  0.000000
Rho nuclear coordinate 1.252162  -0.000000  0.000000
Npang points 14641
Ntrial 11
Rmin for surface 0.820594
Rmax for surface 10.000000
* Radial and angular grid Info
Npang points inside 3074
Number of radial points outside 321
Number of radial points inside 221
Radial outside quadrature 1
Radial outside mapping 2
Radial inside quadrature 1
Radial inside mapping 2
Slater-Bragg radii 0.661404
Beta-Sphere factor 0.400000
Beta-Sphere radi 0.328237

* Go with inside betasphere
Time in Bsphere 3.922 (sec)
* Go outside betasphere
Time out Bsphere 28.646 (sec)
        #0        #1        #2        #3        #4        #5        #6        #7        #8        #9        #10       #11       #12       #13       #14  
0       0.00000
1      -0.00000   0.00000
2       0.00000  -0.00000   0.00000
3       0.00000  -0.00000  -0.00000   0.00000
4      -0.00000  -0.00000   0.00000  -0.00000   0.49954
5       0.00000  -0.00000  -0.00000   0.00000  -0.49953   0.49954
6       0.00000  -0.00000   0.00001  -0.00001  -0.00365   0.00392   0.04569
7      -0.00000   0.00000  -0.00001   0.00001   0.00354  -0.00358  -0.03474   0.03070
8      -0.00000   0.00000  -0.00000  -0.00000  -0.00000   0.00000  -0.00000   0.00000   0.01953
9       0.00000  -0.00000   0.00000  -0.00000   0.00000  -0.00000   0.00000  -0.00000  -0.01538   0.01311
10      0.00000  -0.00000   0.00000  -0.00001  -0.00204   0.00356   0.09314  -0.04717  -0.00000   0.00000   0.33755
11      0.00000   0.00000  -0.00001   0.00001   0.00395  -0.00403  -0.05304   0.04698   0.00000  -0.00000  -0.07281   0.07296
12     -0.00000   0.00000   0.00001  -0.00000  -0.00309   0.00233   0.00390  -0.02368  -0.00000  -0.00000  -0.11698  -0.03719   0.10981
13     -0.00001   0.00001  -0.00000   0.00000  -0.00000   0.00000  -0.00000   0.00000   0.03879  -0.02940   0.00000   0.00000  -0.00000   0.07959
14      0.00001  -0.00001   0.00000  -0.00000   0.00000  -0.00000   0.00000  -0.00000  -0.02769   0.02346   0.00000  -0.00000  -0.00000  -0.05395   0.04267
15      0.00000   0.00000   0.00000   0.00000  -0.00000   0.00000   0.00000   0.00000   0.00000   0.00000   0.00000   0.00000  -0.00000  -0.00000  -0.00000
16     -0.00000  -0.00000  -0.00000   0.00000  -0.00000  -0.00000  -0.00000   0.00000   0.00000   0.00000   0.00000   0.00000   0.00000  -0.00000  -0.00000
17     -0.00000   0.00000  -0.00000   0.00000   0.00061  -0.00069  -0.01010   0.00465   0.00000  -0.00000  -0.04186   0.00683   0.01908   0.00000  -0.00000
18      0.00000  -0.00000  -0.00000   0.00000   0.00000  -0.00000  -0.00000   0.00000  -0.00000   0.00000   0.00000   0.00000   0.00000  -0.00000   0.00000
19     -0.00000   0.00000  -0.00000  -0.00000  -0.00000  -0.00000   0.00000  -0.00000  -0.00000  -0.00000   0.00000  -0.00000   0.00000   0.00000   0.00000
20     -0.00000   0.00000   0.00000  -0.00000   0.00000  -0.00000   0.00000  -0.00000  -0.00134  -0.00074  -0.00000  -0.00000   0.00000  -0.00474  -0.00110
21      0.00000   0.00000   0.00000   0.00000  -0.00132   0.00048  -0.02522   0.00495  -0.00000   0.00000  -0.14404   0.00843   0.07339  -0.00000   0.00000
22      0.00000  -0.00000  -0.00000   0.00000   0.00000   0.00000  -0.00000   0.00000   0.00103  -0.00033  -0.00000   0.00000   0.00000   0.00299  -0.00084
23      0.00000   0.00000  -0.00000  -0.00000   0.00000  -0.00000  -0.00000  -0.00000   0.00000  -0.00000   0.00000  -0.00000  -0.00000   0.00000   0.00000
        #15       #16       #17       #18       #19       #20       #21       #22       #23  
15      0.13246
16     -0.07192   0.04544
17      0.00000   0.00000   0.01125
18     -0.00000   0.00000  -0.00000   0.00696
19      0.00000  -0.00000   0.00000  -0.00488   0.00398
20     -0.00000   0.00000  -0.00000  -0.00000   0.00000   0.00468
21      0.00000  -0.00000   0.01371   0.00000   0.00000   0.00000   0.07878
22      0.00000   0.00000   0.00000  -0.00000   0.00000  -0.00185  -0.00000   0.00110
23      0.19719  -0.09925  -0.00000  -0.00000   0.00000  -0.00000  -0.00000  -0.00000   0.30828
Write info to HDF5 file

AOM of atom 1 done
    CPU time for AOM build    130.32 sec

******** <class 'aom.Aom'> flags ********
* General Info
Date Sat Jan  5 04:12:15 2019
Python 2.7.14 (default, Apr 10 2018, 19:21:27) 
[GCC 7.3.0]
Numpy 1.15.4
Number of threads 4
Verbose level 4
Scratch dir /scratch-ssd/jluis
Input data file c2f4.chk
Max_memory 32000 MB (current use 125 MB)
* Molecular Info
Num atoms 6
Num electrons 48
Total charge 0
Spin 0 
Atom Coordinates (Bohr)
Nuclei 0 with charge 6 position : -1.252159  0.000000  0.000000
Nuclei 1 with charge 6 position : 1.252159  0.000000  0.000000
Nuclei 2 with charge 9 position : -2.623344  -2.079432  0.000000
Nuclei 3 with charge 9 position : 2.623344  -2.079432  0.000000
Nuclei 4 with charge 9 position : -2.623344  2.079432  0.000000
Nuclei 5 with charge 9 position : 2.623344  2.079432  0.000000
* Basis Info
Number of molecular orbitals 390
Orbital EPS occ criterion 1.000000e-06
Number of occupied molecular orbitals 24
Number of molecular primitives 390
* Surface Info
Surface file c2f4.chk.h5
Surface for nuc 2
Nuclear coordinate -2.623343  -2.079430  0.000000
Rho nuclear coordinate -2.623343  -2.079430  0.000000
Npang points 14641
Ntrial 11
Rmin for surface 1.670197
Rmax for surface 10.000000
* Radial and angular grid Info
Npang points inside 3074
Number of radial points outside 321
Number of radial points inside 221
Radial outside quadrature 1
Radial outside mapping 2
Radial inside quadrature 1
Radial inside mapping 2
Slater-Bragg radii 0.472432
Beta-Sphere factor 0.400000
Beta-Sphere radi 0.668079

* Go with inside betasphere
Time in Bsphere 3.885 (sec)
* Go outside betasphere
Time out Bsphere 33.368 (sec)
        #0        #1        #2        #3        #4        #5        #6        #7        #8        #9        #10       #11       #12       #13       #14  
0       0.25000
1       0.25000   0.25000
2       0.25000   0.25000   0.25000
3       0.25000   0.25000   0.25000   0.25000
4      -0.00000  -0.00000  -0.00000  -0.00000   0.00023
5      -0.00000  -0.00000  -0.00000  -0.00000   0.00023   0.00023
6      -0.00000  -0.00000  -0.00000  -0.00000   0.00183   0.00183   0.22727
7      -0.00000  -0.00000  -0.00000  -0.00000   0.00179   0.00179   0.23073   0.23478
8      -0.00000  -0.00000  -0.00000  -0.00000   0.00153   0.00153   0.23124   0.23486   0.24023
9      -0.00000  -0.00000  -0.00000  -0.00000   0.00149   0.00149   0.23246   0.23656   0.24163   0.24345
10     -0.00000  -0.00000  -0.00000  -0.00000   0.00102   0.00102  -0.04660  -0.05146  -0.05594  -0.05969   0.08124
11     -0.00000  -0.00000  -0.00000  -0.00000   0.00202   0.00202  -0.02012  -0.02338  -0.04399  -0.04687   0.10516   0.21363
12     -0.00000  -0.00000  -0.00000  -0.00000   0.00155   0.00155  -0.00176  -0.00128  -0.02593  -0.02584   0.05845   0.18207   0.19539
13     -0.00000  -0.00000  -0.00000  -0.00000   0.00187   0.00186  -0.00613  -0.01194  -0.01939  -0.02437   0.11916   0.18123   0.11048   0.21021
14     -0.00000  -0.00000  -0.00000  -0.00000   0.00194   0.00194   0.00743   0.00283  -0.00766  -0.01172   0.11673   0.19907   0.13691   0.21610   0.22868
15     -0.00000   0.00000   0.00000   0.00000   0.00000   0.00000  -0.00000   0.00000   0.00000   0.00000   0.00000  -0.00000   0.00000  -0.00000   0.00000
16     -0.00000  -0.00000   0.00000   0.00000  -0.00000   0.00000  -0.00000   0.00000  -0.00000  -0.00000  -0.00000   0.00000   0.00000   0.00000  -0.00000
17     -0.00000  -0.00000  -0.00000  -0.00000   0.00035   0.00035   0.00244  -0.00256   0.01320   0.00921   0.05933  -0.00361  -0.09589   0.10785   0.08803
18     -0.00000   0.00000  -0.00000   0.00000  -0.00000   0.00000   0.00000   0.00000   0.00000   0.00000  -0.00000  -0.00000  -0.00000   0.00000  -0.00000
19     -0.00000   0.00000  -0.00000  -0.00000  -0.00000  -0.00000  -0.00000  -0.00000   0.00000   0.00000  -0.00000  -0.00000   0.00000  -0.00000   0.00000
20     -0.00000  -0.00000  -0.00000  -0.00000   0.00057   0.00057   0.01642   0.02032   0.00068   0.00374  -0.00579   0.10766   0.17466   0.00239   0.03412
21     -0.00000  -0.00000  -0.00000  -0.00000   0.00066   0.00066   0.01244   0.00773   0.01631   0.01219   0.07207   0.04971  -0.03696   0.14054   0.12971
22     -0.00000   0.00000  -0.00000  -0.00000   0.00030   0.00031   0.01136   0.01507  -0.00266   0.00017  -0.01966   0.08088   0.15574  -0.02790   0.00042
23     -0.00000  -0.00000  -0.00000  -0.00000  -0.00000   0.00000  -0.00000   0.00000  -0.00000   0.00000   0.00000  -0.00000   0.00000  -0.00000  -0.00000
        #15       #16       #17       #18       #19       #20       #21       #22       #23  
15      0.18386
16      0.20328   0.22739
17      0.00000   0.00000   0.24493
18      0.20792   0.23415  -0.00000   0.24652
19      0.20793   0.23492  -0.00000   0.24705   0.24801
20     -0.00000   0.00000  -0.20784   0.00000   0.00000   0.24763
21     -0.00000   0.00000   0.21712  -0.00000   0.00000  -0.15658   0.21091
22     -0.00000  -0.00000  -0.22581  -0.00000   0.00000   0.24455  -0.17936   0.24945
23     -0.09861  -0.11891   0.00000  -0.13205  -0.13384  -0.00000   0.00000   0.00000   0.09586
Write info to HDF5 file

AOM of atom 2 done
    CPU time for AOM build    149.06 sec

******** <class 'aom.Aom'> flags ********
* General Info
Date Sat Jan  5 04:12:53 2019
Python 2.7.14 (default, Apr 10 2018, 19:21:27) 
[GCC 7.3.0]
Numpy 1.15.4
Number of threads 4
Verbose level 4
Scratch dir /scratch-ssd/jluis
Input data file c2f4.chk
Max_memory 32000 MB (current use 82 MB)
* Molecular Info
Num atoms 6
Num electrons 48
Total charge 0
Spin 0 
Atom Coordinates (Bohr)
Nuclei 0 with charge 6 position : -1.252159  0.000000  0.000000
Nuclei 1 with charge 6 position : 1.252159  0.000000  0.000000
Nuclei 2 with charge 9 position : -2.623344  -2.079432  0.000000
Nuclei 3 with charge 9 position : 2.623344  -2.079432  0.000000
Nuclei 4 with charge 9 position : -2.623344  2.079432  0.000000
Nuclei 5 with charge 9 position : 2.623344  2.079432  0.000000
* Basis Info
Number of molecular orbitals 390
Orbital EPS occ criterion 1.000000e-06
Number of occupied molecular orbitals 24
Number of molecular primitives 390
* Surface Info
Surface file c2f4.chk.h5
Surface for nuc 3
Nuclear coordinate 2.623343  -2.079430  0.000000
Rho nuclear coordinate 2.623343  -2.079430  0.000000
Npang points 14641
Ntrial 11
Rmin for surface 1.670122
Rmax for surface 10.000000
* Radial and angular grid Info
Npang points inside 3074
Number of radial points outside 321
Number of radial points inside 221
Radial outside quadrature 1
Radial outside mapping 2
Radial inside quadrature 1
Radial inside mapping 2
Slater-Bragg radii 0.472432
Beta-Sphere factor 0.400000
Beta-Sphere radi 0.668049

* Go with inside betasphere
Time in Bsphere 3.766 (sec)
* Go outside betasphere
Time out Bsphere 33.804 (sec)
        #0        #1        #2        #3        #4        #5        #6        #7        #8        #9        #10       #11       #12       #13       #14  
0       0.25000
1      -0.25000   0.25000
2      -0.25000   0.25000   0.25000
3       0.25000  -0.25000  -0.25000   0.25000
4       0.00000  -0.00000  -0.00000   0.00000   0.00023
5      -0.00000   0.00000   0.00000  -0.00000  -0.00023   0.00023
6       0.00000  -0.00000  -0.00000   0.00000   0.00182  -0.00182   0.22726
7      -0.00000   0.00000   0.00000  -0.00000  -0.00179   0.00179  -0.23073   0.23477
8       0.00000  -0.00000  -0.00000   0.00000   0.00153  -0.00153   0.23124  -0.23486   0.24024
9      -0.00000   0.00000   0.00000  -0.00000  -0.00149   0.00149  -0.23246   0.23656  -0.24163   0.24345
10      0.00000  -0.00000  -0.00000   0.00000   0.00102  -0.00102  -0.04659   0.05146  -0.05593   0.05969   0.08126
11     -0.00000   0.00000   0.00000  -0.00000  -0.00201   0.00201   0.02013  -0.02338   0.04399  -0.04687  -0.10516   0.21362
12      0.00000  -0.00000  -0.00000   0.00000   0.00154  -0.00155  -0.00177   0.00129  -0.02593   0.02585   0.05844  -0.18206   0.19538
13      0.00000  -0.00000  -0.00000   0.00000   0.00187  -0.00186  -0.00613   0.01194  -0.01939   0.02437   0.11917  -0.18123   0.11047   0.21022
14     -0.00000   0.00000   0.00000  -0.00000  -0.00194   0.00194  -0.00743   0.00283   0.00766  -0.01172  -0.11674   0.19907  -0.13690  -0.21610   0.22868
15     -0.00000   0.00000  -0.00000   0.00000   0.00000  -0.00000  -0.00000   0.00000  -0.00000  -0.00000   0.00000   0.00000  -0.00000  -0.00000  -0.00000
16     -0.00000   0.00000  -0.00000  -0.00000  -0.00000  -0.00000   0.00000   0.00000   0.00000   0.00000   0.00000  -0.00000  -0.00000  -0.00000   0.00000
17     -0.00000   0.00000   0.00000  -0.00000  -0.00035   0.00035  -0.00244  -0.00256  -0.01320   0.00921  -0.05933  -0.00360   0.09589  -0.10785   0.08804
18      0.00000  -0.00000   0.00000   0.00000  -0.00000  -0.00000   0.00000   0.00000   0.00000   0.00000  -0.00000   0.00000  -0.00000  -0.00000   0.00000
19     -0.00000  -0.00000   0.00000  -0.00000  -0.00000   0.00000   0.00000  -0.00000   0.00000  -0.00000  -0.00000   0.00000   0.00000  -0.00000  -0.00000
20      0.00000  -0.00000  -0.00000   0.00000   0.00057  -0.00057   0.01642  -0.02032   0.00068  -0.00374  -0.00580  -0.10766   0.17466   0.00239  -0.03412
21      0.00000  -0.00000  -0.00000   0.00000   0.00066  -0.00066   0.01243  -0.00773   0.01631  -0.01219   0.07207  -0.04971  -0.03696   0.14054  -0.12971
22     -0.00000  -0.00000   0.00000  -0.00000  -0.00030   0.00031  -0.01136   0.01507   0.00266   0.00016   0.01967   0.08087  -0.15574   0.02790   0.00042
23      0.00000   0.00000   0.00000  -0.00000   0.00000   0.00000  -0.00000  -0.00000  -0.00000   0.00000   0.00000  -0.00000  -0.00000  -0.00000  -0.00000
        #15       #16       #17       #18       #19       #20       #21       #22       #23  
15      0.18387
16     -0.20328   0.22739
17      0.00000  -0.00000   0.24494
18      0.20792  -0.23415   0.00000   0.24652
19     -0.20793   0.23492   0.00000  -0.24705   0.24801
20      0.00000   0.00000   0.20784  -0.00000   0.00000   0.24762
21     -0.00000  -0.00000  -0.21712  -0.00000  -0.00000  -0.15658   0.21091
22     -0.00000  -0.00000  -0.22581   0.00000  -0.00000  -0.24455   0.17936   0.24945
23     -0.09861   0.11890   0.00000  -0.13205   0.13384  -0.00000   0.00000  -0.00000   0.09587
Write info to HDF5 file

AOM of atom 3 done
    CPU time for AOM build    150.35 sec

******** <class 'aom.Aom'> flags ********
* General Info
Date Sat Jan  5 04:13:30 2019
Python 2.7.14 (default, Apr 10 2018, 19:21:27) 
[GCC 7.3.0]
Numpy 1.15.4
Number of threads 4
Verbose level 4
Scratch dir /scratch-ssd/jluis
Input data file c2f4.chk
Max_memory 32000 MB (current use 81 MB)
* Molecular Info
Num atoms 6
Num electrons 48
Total charge 0
Spin 0 
Atom Coordinates (Bohr)
Nuclei 0 with charge 6 position : -1.252159  0.000000  0.000000
Nuclei 1 with charge 6 position : 1.252159  0.000000  0.000000
Nuclei 2 with charge 9 position : -2.623344  -2.079432  0.000000
Nuclei 3 with charge 9 position : 2.623344  -2.079432  0.000000
Nuclei 4 with charge 9 position : -2.623344  2.079432  0.000000
Nuclei 5 with charge 9 position : 2.623344  2.079432  0.000000
* Basis Info
Number of molecular orbitals 390
Orbital EPS occ criterion 1.000000e-06
Number of occupied molecular orbitals 24
Number of molecular primitives 390
* Surface Info
Surface file c2f4.chk.h5
Surface for nuc 4
Nuclear coordinate -2.623343  2.079430  0.000000
Rho nuclear coordinate -2.623343  2.079430  0.000000
Npang points 14641
Ntrial 11
Rmin for surface 1.670197
Rmax for surface 10.000000
* Radial and angular grid Info
Npang points inside 3074
Number of radial points outside 321
Number of radial points inside 221
Radial outside quadrature 1
Radial outside mapping 2
Radial inside quadrature 1
Radial inside mapping 2
Slater-Bragg radii 0.472432
Beta-Sphere factor 0.400000
Beta-Sphere radi 0.668079

* Go with inside betasphere
Time in Bsphere 3.705 (sec)
* Go outside betasphere
Time out Bsphere 33.733 (sec)
        #0        #1        #2        #3        #4        #5        #6        #7        #8        #9        #10       #11       #12       #13       #14  
0       0.25000
1       0.25000   0.25000
2      -0.25000  -0.25000   0.25000
3      -0.25000  -0.25000   0.25000   0.25000
4       0.00000   0.00000  -0.00000  -0.00000   0.00023
5       0.00000   0.00000  -0.00000  -0.00000   0.00023   0.00023
6       0.00000   0.00000  -0.00000  -0.00000   0.00183   0.00183   0.22727
7       0.00000   0.00000  -0.00000  -0.00000   0.00179   0.00179   0.23073   0.23478
8      -0.00000  -0.00000   0.00000   0.00000  -0.00153  -0.00153  -0.23124  -0.23486   0.24023
9      -0.00000  -0.00000   0.00000   0.00000  -0.00149  -0.00149  -0.23246  -0.23656   0.24163   0.24345
10      0.00000   0.00000  -0.00000  -0.00000   0.00102   0.00102  -0.04660  -0.05146   0.05594   0.05969   0.08124
11      0.00000   0.00000  -0.00000  -0.00000   0.00202   0.00202  -0.02012  -0.02338   0.04399   0.04687   0.10516   0.21363
12      0.00000   0.00000  -0.00000  -0.00000   0.00155   0.00155  -0.00176  -0.00128   0.02593   0.02584   0.05845   0.18207   0.19539
13     -0.00000  -0.00000   0.00000   0.00000  -0.00187  -0.00186   0.00613   0.01194  -0.01939  -0.02437  -0.11916  -0.18123  -0.11048   0.21021
14     -0.00000  -0.00000   0.00000   0.00000  -0.00194  -0.00194  -0.00743  -0.00283  -0.00766  -0.01172  -0.11673  -0.19907  -0.13691   0.21610   0.22868
15      0.00000   0.00000   0.00000  -0.00000  -0.00000   0.00000   0.00000   0.00000  -0.00000   0.00000   0.00000  -0.00000   0.00000   0.00000   0.00000
16     -0.00000   0.00000  -0.00000   0.00000  -0.00000   0.00000   0.00000   0.00000  -0.00000  -0.00000   0.00000   0.00000   0.00000   0.00000  -0.00000
17      0.00000   0.00000  -0.00000  -0.00000   0.00035   0.00035   0.00244  -0.00256  -0.01320  -0.00921   0.05933  -0.00361  -0.09589  -0.10785  -0.08803
18     -0.00000   0.00000  -0.00000  -0.00000   0.00000  -0.00000   0.00000   0.00000   0.00000   0.00000   0.00000  -0.00000   0.00000  -0.00000  -0.00000
19     -0.00000   0.00000   0.00000  -0.00000   0.00000  -0.00000   0.00000  -0.00000   0.00000   0.00000  -0.00000  -0.00000   0.00000  -0.00000   0.00000
20     -0.00000  -0.00000   0.00000   0.00000  -0.00057  -0.00057  -0.01642  -0.02032   0.00068   0.00374   0.00579  -0.10766  -0.17466   0.00239   0.03412
21      0.00000   0.00000  -0.00000  -0.00000   0.00066   0.00066   0.01244   0.00773  -0.01631  -0.01219   0.07207   0.04971  -0.03696  -0.14054  -0.12971
22     -0.00000   0.00000   0.00000   0.00000  -0.00030  -0.00031  -0.01136  -0.01507  -0.00266   0.00017   0.01966  -0.08088  -0.15574  -0.02790   0.00042
23     -0.00000   0.00000   0.00000  -0.00000   0.00000   0.00000   0.00000   0.00000   0.00000  -0.00000   0.00000  -0.00000   0.00000  -0.00000   0.00000
        #15       #16       #17       #18       #19       #20       #21       #22       #23  
15      0.18386
16      0.20328   0.22739
17      0.00000  -0.00000   0.24493
18     -0.20792  -0.23415   0.00000   0.24652
19     -0.20793  -0.23492  -0.00000   0.24705   0.24801
20     -0.00000  -0.00000   0.20784  -0.00000  -0.00000   0.24763
21     -0.00000   0.00000   0.21712  -0.00000   0.00000   0.15658   0.21091
22      0.00000   0.00000   0.22581   0.00000   0.00000   0.24455   0.17936   0.24945
23     -0.09861  -0.11891   0.00000   0.13205   0.13384  -0.00000  -0.00000  -0.00000   0.09586
Write info to HDF5 file

AOM of atom 4 done
    CPU time for AOM build    149.81 sec

******** <class 'aom.Aom'> flags ********
* General Info
Date Sat Jan  5 04:14:08 2019
Python 2.7.14 (default, Apr 10 2018, 19:21:27) 
[GCC 7.3.0]
Numpy 1.15.4
Number of threads 4
Verbose level 4
Scratch dir /scratch-ssd/jluis
Input data file c2f4.chk
Max_memory 32000 MB (current use 81 MB)
* Molecular Info
Num atoms 6
Num electrons 48
Total charge 0
Spin 0 
Atom Coordinates (Bohr)
Nuclei 0 with charge 6 position : -1.252159  0.000000  0.000000
Nuclei 1 with charge 6 position : 1.252159  0.000000  0.000000
Nuclei 2 with charge 9 position : -2.623344  -2.079432  0.000000
Nuclei 3 with charge 9 position : 2.623344  -2.079432  0.000000
Nuclei 4 with charge 9 position : -2.623344  2.079432  0.000000
Nuclei 5 with charge 9 position : 2.623344  2.079432  0.000000
* Basis Info
Number of molecular orbitals 390
Orbital EPS occ criterion 1.000000e-06
Number of occupied molecular orbitals 24
Number of molecular primitives 390
* Surface Info
Surface file c2f4.chk.h5
Surface for nuc 5
Nuclear coordinate 2.623343  2.079430  0.000000
Rho nuclear coordinate 2.623343  2.079430  0.000000
Npang points 14641
Ntrial 11
Rmin for surface 1.670122
Rmax for surface 10.000000
* Radial and angular grid Info
Npang points inside 3074
Number of radial points outside 321
Number of radial points inside 221
Radial outside quadrature 1
Radial outside mapping 2
Radial inside quadrature 1
Radial inside mapping 2
Slater-Bragg radii 0.472432
Beta-Sphere factor 0.400000
Beta-Sphere radi 0.668049

* Go with inside betasphere
Time in Bsphere 3.733 (sec)
* Go outside betasphere
Time out Bsphere 33.828 (sec)
        #0        #1        #2        #3        #4        #5        #6        #7        #8        #9        #10       #11       #12       #13       #14  
0       0.25000
1      -0.25000   0.25000
2       0.25000  -0.25000   0.25000
3      -0.25000   0.25000  -0.25000   0.25000
4      -0.00000   0.00000  -0.00000   0.00000   0.00023
5       0.00000  -0.00000   0.00000  -0.00000  -0.00023   0.00023
6      -0.00000   0.00000  -0.00000   0.00000   0.00182  -0.00182   0.22726
7       0.00000  -0.00000   0.00000  -0.00000  -0.00179   0.00179  -0.23073   0.23477
8       0.00000  -0.00000   0.00000  -0.00000  -0.00153   0.00153  -0.23124   0.23486   0.24024
9      -0.00000   0.00000  -0.00000   0.00000   0.00149  -0.00149   0.23246  -0.23656  -0.24163   0.24345
10     -0.00000   0.00000  -0.00000   0.00000   0.00102  -0.00102  -0.04659   0.05146   0.05593  -0.05969   0.08126
11      0.00000  -0.00000   0.00000  -0.00000  -0.00201   0.00201   0.02013  -0.02338  -0.04399   0.04687  -0.10516   0.21362
12     -0.00000   0.00000  -0.00000   0.00000   0.00154  -0.00155  -0.00177   0.00129   0.02593  -0.02585   0.05844  -0.18206   0.19538
13      0.00000  -0.00000   0.00000  -0.00000  -0.00187   0.00186   0.00613  -0.01194  -0.01939   0.02437  -0.11917   0.18123  -0.11047   0.21022
14     -0.00000   0.00000  -0.00000   0.00000   0.00194  -0.00194   0.00743  -0.00283   0.00766  -0.01172   0.11674  -0.19907   0.13690  -0.21610   0.22868
15     -0.00000   0.00000  -0.00000   0.00000   0.00000  -0.00000  -0.00000   0.00000   0.00000  -0.00000  -0.00000   0.00000  -0.00000  -0.00000  -0.00000
16      0.00000  -0.00000   0.00000   0.00000  -0.00000  -0.00000   0.00000  -0.00000   0.00000  -0.00000   0.00000  -0.00000   0.00000   0.00000   0.00000
17      0.00000  -0.00000   0.00000  -0.00000  -0.00035   0.00035  -0.00244  -0.00256   0.01320  -0.00921  -0.05933  -0.00360   0.09589   0.10785  -0.08804
18     -0.00000  -0.00000  -0.00000  -0.00000  -0.00000   0.00000   0.00000   0.00000  -0.00000   0.00000  -0.00000   0.00000  -0.00000  -0.00000  -0.00000
19      0.00000   0.00000   0.00000  -0.00000   0.00000   0.00000   0.00000   0.00000   0.00000  -0.00000   0.00000   0.00000  -0.00000  -0.00000   0.00000
20      0.00000  -0.00000   0.00000  -0.00000  -0.00057   0.00057  -0.01642   0.02032   0.00068  -0.00374   0.00580   0.10766  -0.17466   0.00239  -0.03412
21     -0.00000   0.00000  -0.00000   0.00000   0.00066  -0.00066   0.01243  -0.00773  -0.01631   0.01219   0.07207  -0.04971  -0.03696  -0.14054   0.12971
22     -0.00000  -0.00000  -0.00000   0.00000   0.00030  -0.00031   0.01136  -0.01507   0.00266   0.00016  -0.01967  -0.08087   0.15574   0.02790   0.00042
23     -0.00000   0.00000  -0.00000   0.00000  -0.00000   0.00000   0.00000  -0.00000  -0.00000   0.00000   0.00000   0.00000   0.00000  -0.00000   0.00000
        #15       #16       #17       #18       #19       #20       #21       #22       #23  
15      0.18387
16     -0.20328   0.22739
17      0.00000   0.00000   0.24494
18     -0.20792   0.23415   0.00000   0.24652
19      0.20793  -0.23492  -0.00000  -0.24705   0.24801
20      0.00000   0.00000  -0.20784   0.00000  -0.00000   0.24762
21      0.00000  -0.00000  -0.21712  -0.00000   0.00000   0.15658   0.21091
22     -0.00000  -0.00000   0.22581   0.00000  -0.00000  -0.24455  -0.17936   0.24945
23     -0.09861   0.11890   0.00000   0.13205  -0.13384  -0.00000   0.00000  -0.00000   0.09587
Write info to HDF5 file

AOM of atom 5 done
    CPU time for AOM build    150.31 sec
