Surface file is : h2o.chk.h5
Surface info for atom : 0
Nuclei 0 position :  0.00000  0.00000  0.22225
Nuclei rho 0 position :  0.00000  0.00000  0.22225
Number of angular points : 5810
Ntrial : 11
Rmin and rmax for surface :  1.47726 10.00000
Surface file is : h2o.chk.h5
Surface info for atom : 1
Nuclei 1 position :  1.43843  0.00000 -0.88904
Nuclei rho 1 position :  1.43843  0.00000 -0.88904
Number of angular points : 5810
Ntrial : 11
Rmin and rmax for surface :  0.34223 10.00000
Surface file is : h2o.chk.h5
Surface info for atom : 2
Nuclei 2 position : -1.43843  0.00000 -0.88904
Nuclei rho 2 position : -1.43843  0.00000 -0.88904
Number of angular points : 5810
Ntrial : 11
Rmin and rmax for surface :  0.34223 10.00000
