Follow AOM for atom 0
        #0        #1        #2        #3        #4        #5        #6        #7        #8        #9        #10       #11       #12       #13       #14  
0       0.00000
1       0.00000   0.00000
2       0.00000   0.00000   0.00000
3      -0.00000   0.00000   0.00000   0.00000
4      -0.00000  -0.00000   0.00000   0.00000   0.49954
5      -0.00000   0.00000   0.00000   0.00000   0.49953   0.49954
6       0.00000   0.00000   0.00001   0.00001  -0.00365  -0.00392   0.04540
7       0.00000   0.00000   0.00001   0.00001  -0.00354  -0.00358   0.03445   0.03039
8       0.00000   0.00000   0.00000   0.00000   0.00000  -0.00000   0.00000   0.00000   0.01953
9       0.00000   0.00000   0.00000  -0.00000  -0.00000   0.00000   0.00000   0.00000   0.01537   0.01311
10      0.00000   0.00000   0.00000   0.00001  -0.00204  -0.00356   0.09318   0.04724  -0.00000   0.00000   0.33738
11      0.00000   0.00000   0.00001   0.00001  -0.00395  -0.00403   0.05277   0.04670   0.00000   0.00000   0.07286   0.07269
12     -0.00000  -0.00000   0.00001   0.00000  -0.00309  -0.00233   0.00345   0.02320   0.00000   0.00000  -0.11680   0.03674   0.10900
13      0.00001   0.00001   0.00000  -0.00000  -0.00000  -0.00000   0.00000   0.00000   0.03878   0.02940  -0.00000   0.00000   0.00000   0.07958
14      0.00001   0.00001   0.00000  -0.00000   0.00000  -0.00000   0.00000   0.00000   0.02769   0.02346   0.00000   0.00000  -0.00000   0.05395   0.04266
15     -0.00000  -0.00000  -0.00000  -0.00000  -0.00000   0.00000  -0.00000   0.00000  -0.00000  -0.00000   0.00000   0.00000  -0.00000   0.00000   0.00000
16     -0.00000   0.00000  -0.00000  -0.00000   0.00000  -0.00000  -0.00000  -0.00000   0.00000   0.00000  -0.00000  -0.00000  -0.00000  -0.00000   0.00000
17      0.00000   0.00000   0.00000   0.00000  -0.00061  -0.00069   0.01065   0.00523   0.00000   0.00000   0.04167   0.00732  -0.01814   0.00000   0.00000
18     -0.00000  -0.00000   0.00000  -0.00000   0.00000   0.00000   0.00000   0.00000  -0.00000  -0.00000  -0.00000  -0.00000  -0.00000  -0.00000   0.00000
19     -0.00000  -0.00000  -0.00000  -0.00000   0.00000  -0.00000   0.00000  -0.00000   0.00000  -0.00000  -0.00000   0.00000   0.00000   0.00000   0.00000
20      0.00000   0.00000  -0.00000   0.00000   0.00000   0.00000  -0.00000  -0.00000  -0.00134   0.00074   0.00000  -0.00000  -0.00000  -0.00474   0.00110
21     -0.00000   0.00000   0.00000   0.00000  -0.00132  -0.00048  -0.02482  -0.00455   0.00000   0.00000  -0.14410  -0.00810   0.07400   0.00000   0.00000
22      0.00000   0.00000  -0.00000  -0.00000   0.00000   0.00000  -0.00000  -0.00000  -0.00102  -0.00033  -0.00000  -0.00000   0.00000  -0.00298  -0.00084
23     -0.00000   0.00000  -0.00000   0.00000   0.00000   0.00000  -0.00000   0.00000  -0.00000   0.00000  -0.00000   0.00000  -0.00000   0.00000  -0.00000
        #15       #16       #17       #18       #19       #20       #21       #22       #23  
15      0.13218
16      0.07166   0.04516
17      0.00000  -0.00000   0.00998
18      0.00000   0.00000  -0.00000   0.00694
19      0.00000   0.00000   0.00000   0.00488   0.00398
20     -0.00000   0.00000  -0.00000  -0.00000   0.00000   0.00468
21     -0.00000   0.00000  -0.01464  -0.00000  -0.00000  -0.00000   0.07804
22      0.00000   0.00000  -0.00000  -0.00000   0.00000   0.00184  -0.00000   0.00110
23      0.19717   0.09928  -0.00000  -0.00000   0.00000  -0.00000  -0.00000   0.00000   0.30820
Nuclei 0 prop density value :  4.67816
Nuclei 0 prop kinetic value : 36.99094
Nuclei 0 prop laplacian value : -0.01242
Follow AOM for atom 1
        #0        #1        #2        #3        #4        #5        #6        #7        #8        #9        #10       #11       #12       #13       #14  
0       0.00000
1      -0.00000   0.00000
2       0.00000  -0.00000   0.00000
3       0.00000  -0.00000  -0.00000   0.00000
4      -0.00000  -0.00000   0.00000  -0.00000   0.49954
5       0.00000  -0.00000  -0.00000   0.00000  -0.49953   0.49954
6       0.00000  -0.00000   0.00001  -0.00001  -0.00365   0.00392   0.04569
7      -0.00000   0.00000  -0.00001   0.00001   0.00354  -0.00358  -0.03474   0.03070
8      -0.00000   0.00000  -0.00000  -0.00000  -0.00000   0.00000  -0.00000   0.00000   0.01953
9       0.00000  -0.00000   0.00000  -0.00000   0.00000  -0.00000   0.00000  -0.00000  -0.01538   0.01311
10      0.00000  -0.00000   0.00000  -0.00001  -0.00204   0.00356   0.09314  -0.04717  -0.00000   0.00000   0.33755
11      0.00000   0.00000  -0.00001   0.00001   0.00395  -0.00403  -0.05304   0.04698   0.00000  -0.00000  -0.07281   0.07296
12     -0.00000   0.00000   0.00001  -0.00000  -0.00309   0.00233   0.00390  -0.02368  -0.00000  -0.00000  -0.11698  -0.03719   0.10981
13     -0.00001   0.00001  -0.00000   0.00000  -0.00000   0.00000  -0.00000   0.00000   0.03879  -0.02940   0.00000   0.00000  -0.00000   0.07959
14      0.00001  -0.00001   0.00000  -0.00000   0.00000  -0.00000   0.00000  -0.00000  -0.02769   0.02346   0.00000  -0.00000  -0.00000  -0.05395   0.04267
15      0.00000   0.00000   0.00000   0.00000  -0.00000   0.00000   0.00000   0.00000   0.00000   0.00000   0.00000   0.00000  -0.00000  -0.00000  -0.00000
16     -0.00000  -0.00000  -0.00000   0.00000  -0.00000  -0.00000  -0.00000   0.00000   0.00000   0.00000   0.00000   0.00000   0.00000  -0.00000  -0.00000
17     -0.00000   0.00000  -0.00000   0.00000   0.00061  -0.00069  -0.01010   0.00465   0.00000  -0.00000  -0.04186   0.00683   0.01908   0.00000  -0.00000
18      0.00000  -0.00000  -0.00000   0.00000   0.00000  -0.00000  -0.00000   0.00000  -0.00000   0.00000   0.00000   0.00000   0.00000  -0.00000   0.00000
19     -0.00000   0.00000  -0.00000  -0.00000  -0.00000  -0.00000   0.00000  -0.00000  -0.00000  -0.00000   0.00000  -0.00000   0.00000   0.00000   0.00000
20     -0.00000   0.00000   0.00000  -0.00000   0.00000  -0.00000   0.00000  -0.00000  -0.00134  -0.00074  -0.00000  -0.00000   0.00000  -0.00474  -0.00110
21      0.00000   0.00000   0.00000   0.00000  -0.00132   0.00048  -0.02522   0.00495  -0.00000   0.00000  -0.14404   0.00843   0.07339  -0.00000   0.00000
22      0.00000  -0.00000  -0.00000   0.00000   0.00000   0.00000  -0.00000   0.00000   0.00103  -0.00033  -0.00000   0.00000   0.00000   0.00299  -0.00084
23      0.00000   0.00000  -0.00000  -0.00000   0.00000  -0.00000  -0.00000  -0.00000   0.00000  -0.00000   0.00000  -0.00000  -0.00000   0.00000   0.00000
        #15       #16       #17       #18       #19       #20       #21       #22       #23  
15      0.13246
16     -0.07192   0.04544
17      0.00000   0.00000   0.01125
18     -0.00000   0.00000  -0.00000   0.00696
19      0.00000  -0.00000   0.00000  -0.00488   0.00398
20     -0.00000   0.00000  -0.00000  -0.00000   0.00000   0.00468
21      0.00000  -0.00000   0.01371   0.00000   0.00000   0.00000   0.07878
22      0.00000   0.00000   0.00000  -0.00000   0.00000  -0.00185  -0.00000   0.00110
23      0.19719  -0.09925  -0.00000  -0.00000   0.00000  -0.00000  -0.00000  -0.00000   0.30828
Nuclei 1 prop density value :  4.68722
Nuclei 1 prop kinetic value : 37.00163
Nuclei 1 prop laplacian value :  0.03931
Follow AOM for atom 2
        #0        #1        #2        #3        #4        #5        #6        #7        #8        #9        #10       #11       #12       #13       #14  
0       0.25000
1       0.25000   0.25000
2       0.25000   0.25000   0.25000
3       0.25000   0.25000   0.25000   0.25000
4      -0.00000  -0.00000  -0.00000  -0.00000   0.00023
5      -0.00000  -0.00000  -0.00000  -0.00000   0.00023   0.00023
6      -0.00000  -0.00000  -0.00000  -0.00000   0.00183   0.00183   0.22727
7      -0.00000  -0.00000  -0.00000  -0.00000   0.00179   0.00179   0.23073   0.23478
8      -0.00000  -0.00000  -0.00000  -0.00000   0.00153   0.00153   0.23124   0.23486   0.24023
9      -0.00000  -0.00000  -0.00000  -0.00000   0.00149   0.00149   0.23246   0.23656   0.24163   0.24345
10     -0.00000  -0.00000  -0.00000  -0.00000   0.00102   0.00102  -0.04660  -0.05146  -0.05594  -0.05969   0.08124
11     -0.00000  -0.00000  -0.00000  -0.00000   0.00202   0.00202  -0.02012  -0.02338  -0.04399  -0.04687   0.10516   0.21363
12     -0.00000  -0.00000  -0.00000  -0.00000   0.00155   0.00155  -0.00176  -0.00128  -0.02593  -0.02584   0.05845   0.18207   0.19539
13     -0.00000  -0.00000  -0.00000  -0.00000   0.00187   0.00186  -0.00613  -0.01194  -0.01939  -0.02437   0.11916   0.18123   0.11048   0.21021
14     -0.00000  -0.00000  -0.00000  -0.00000   0.00194   0.00194   0.00743   0.00283  -0.00766  -0.01172   0.11673   0.19907   0.13691   0.21610   0.22868
15     -0.00000   0.00000   0.00000   0.00000   0.00000   0.00000  -0.00000   0.00000   0.00000   0.00000   0.00000  -0.00000   0.00000  -0.00000   0.00000
16     -0.00000  -0.00000   0.00000   0.00000  -0.00000   0.00000  -0.00000   0.00000  -0.00000  -0.00000  -0.00000   0.00000   0.00000   0.00000  -0.00000
17     -0.00000  -0.00000  -0.00000  -0.00000   0.00035   0.00035   0.00244  -0.00256   0.01320   0.00921   0.05933  -0.00361  -0.09589   0.10785   0.08803
18     -0.00000   0.00000  -0.00000   0.00000  -0.00000   0.00000   0.00000   0.00000   0.00000   0.00000  -0.00000  -0.00000  -0.00000   0.00000  -0.00000
19     -0.00000   0.00000  -0.00000  -0.00000  -0.00000  -0.00000  -0.00000  -0.00000   0.00000   0.00000  -0.00000  -0.00000   0.00000  -0.00000   0.00000
20     -0.00000  -0.00000  -0.00000  -0.00000   0.00057   0.00057   0.01642   0.02032   0.00068   0.00374  -0.00579   0.10766   0.17466   0.00239   0.03412
21     -0.00000  -0.00000  -0.00000  -0.00000   0.00066   0.00066   0.01244   0.00773   0.01631   0.01219   0.07207   0.04971  -0.03696   0.14054   0.12971
22     -0.00000   0.00000  -0.00000  -0.00000   0.00030   0.00031   0.01136   0.01507  -0.00266   0.00017  -0.01966   0.08088   0.15574  -0.02790   0.00042
23     -0.00000  -0.00000  -0.00000  -0.00000  -0.00000   0.00000  -0.00000   0.00000  -0.00000   0.00000   0.00000  -0.00000   0.00000  -0.00000  -0.00000
        #15       #16       #17       #18       #19       #20       #21       #22       #23  
15      0.18386
16      0.20328   0.22739
17      0.00000   0.00000   0.24493
18      0.20792   0.23415  -0.00000   0.24652
19      0.20793   0.23492  -0.00000   0.24705   0.24801
20     -0.00000   0.00000  -0.20784   0.00000   0.00000   0.24763
21     -0.00000   0.00000   0.21712  -0.00000   0.00000  -0.15658   0.21091
22     -0.00000  -0.00000  -0.22581  -0.00000   0.00000   0.24455  -0.17936   0.24945
23     -0.09861  -0.11891   0.00000  -0.13205  -0.13384  -0.00000   0.00000   0.00000   0.09586
Nuclei 2 prop density value :  9.65980
Nuclei 2 prop kinetic value : 99.91712
Nuclei 2 prop laplacian value :  0.00044
Follow AOM for atom 3
        #0        #1        #2        #3        #4        #5        #6        #7        #8        #9        #10       #11       #12       #13       #14  
0       0.25000
1      -0.25000   0.25000
2      -0.25000   0.25000   0.25000
3       0.25000  -0.25000  -0.25000   0.25000
4       0.00000  -0.00000  -0.00000   0.00000   0.00023
5      -0.00000   0.00000   0.00000  -0.00000  -0.00023   0.00023
6       0.00000  -0.00000  -0.00000   0.00000   0.00182  -0.00182   0.22726
7      -0.00000   0.00000   0.00000  -0.00000  -0.00179   0.00179  -0.23073   0.23477
8       0.00000  -0.00000  -0.00000   0.00000   0.00153  -0.00153   0.23124  -0.23486   0.24024
9      -0.00000   0.00000   0.00000  -0.00000  -0.00149   0.00149  -0.23246   0.23656  -0.24163   0.24345
10      0.00000  -0.00000  -0.00000   0.00000   0.00102  -0.00102  -0.04659   0.05146  -0.05593   0.05969   0.08126
11     -0.00000   0.00000   0.00000  -0.00000  -0.00201   0.00201   0.02013  -0.02338   0.04399  -0.04687  -0.10516   0.21362
12      0.00000  -0.00000  -0.00000   0.00000   0.00154  -0.00155  -0.00177   0.00129  -0.02593   0.02585   0.05844  -0.18206   0.19538
13      0.00000  -0.00000  -0.00000   0.00000   0.00187  -0.00186  -0.00613   0.01194  -0.01939   0.02437   0.11917  -0.18123   0.11047   0.21022
14     -0.00000   0.00000   0.00000  -0.00000  -0.00194   0.00194  -0.00743   0.00283   0.00766  -0.01172  -0.11674   0.19907  -0.13690  -0.21610   0.22868
15     -0.00000   0.00000  -0.00000   0.00000   0.00000  -0.00000  -0.00000   0.00000  -0.00000  -0.00000   0.00000   0.00000  -0.00000  -0.00000  -0.00000
16     -0.00000   0.00000  -0.00000  -0.00000  -0.00000  -0.00000   0.00000   0.00000   0.00000   0.00000   0.00000  -0.00000  -0.00000  -0.00000   0.00000
17     -0.00000   0.00000   0.00000  -0.00000  -0.00035   0.00035  -0.00244  -0.00256  -0.01320   0.00921  -0.05933  -0.00360   0.09589  -0.10785   0.08804
18      0.00000  -0.00000   0.00000   0.00000  -0.00000  -0.00000   0.00000   0.00000   0.00000   0.00000  -0.00000   0.00000  -0.00000  -0.00000   0.00000
19     -0.00000  -0.00000   0.00000  -0.00000  -0.00000   0.00000   0.00000  -0.00000   0.00000  -0.00000  -0.00000   0.00000   0.00000  -0.00000  -0.00000
20      0.00000  -0.00000  -0.00000   0.00000   0.00057  -0.00057   0.01642  -0.02032   0.00068  -0.00374  -0.00580  -0.10766   0.17466   0.00239  -0.03412
21      0.00000  -0.00000  -0.00000   0.00000   0.00066  -0.00066   0.01243  -0.00773   0.01631  -0.01219   0.07207  -0.04971  -0.03696   0.14054  -0.12971
22     -0.00000  -0.00000   0.00000  -0.00000  -0.00030   0.00031  -0.01136   0.01507   0.00266   0.00016   0.01967   0.08087  -0.15574   0.02790   0.00042
23      0.00000   0.00000   0.00000  -0.00000   0.00000   0.00000  -0.00000  -0.00000  -0.00000   0.00000   0.00000  -0.00000  -0.00000  -0.00000  -0.00000
        #15       #16       #17       #18       #19       #20       #21       #22       #23  
15      0.18387
16     -0.20328   0.22739
17      0.00000  -0.00000   0.24494
18      0.20792  -0.23415   0.00000   0.24652
19     -0.20793   0.23492   0.00000  -0.24705   0.24801
20      0.00000   0.00000   0.20784  -0.00000   0.00000   0.24762
21     -0.00000  -0.00000  -0.21712  -0.00000  -0.00000  -0.15658   0.21091
22     -0.00000  -0.00000  -0.22581   0.00000  -0.00000  -0.24455   0.17936   0.24945
23     -0.09861   0.11890   0.00000  -0.13205   0.13384  -0.00000   0.00000  -0.00000   0.09587
Nuclei 3 prop density value :  9.65982
Nuclei 3 prop kinetic value : 99.91715
Nuclei 3 prop laplacian value :  0.00092
Follow AOM for atom 4
        #0        #1        #2        #3        #4        #5        #6        #7        #8        #9        #10       #11       #12       #13       #14  
0       0.25000
1       0.25000   0.25000
2      -0.25000  -0.25000   0.25000
3      -0.25000  -0.25000   0.25000   0.25000
4       0.00000   0.00000  -0.00000  -0.00000   0.00023
5       0.00000   0.00000  -0.00000  -0.00000   0.00023   0.00023
6       0.00000   0.00000  -0.00000  -0.00000   0.00183   0.00183   0.22727
7       0.00000   0.00000  -0.00000  -0.00000   0.00179   0.00179   0.23073   0.23478
8      -0.00000  -0.00000   0.00000   0.00000  -0.00153  -0.00153  -0.23124  -0.23486   0.24023
9      -0.00000  -0.00000   0.00000   0.00000  -0.00149  -0.00149  -0.23246  -0.23656   0.24163   0.24345
10      0.00000   0.00000  -0.00000  -0.00000   0.00102   0.00102  -0.04660  -0.05146   0.05594   0.05969   0.08124
11      0.00000   0.00000  -0.00000  -0.00000   0.00202   0.00202  -0.02012  -0.02338   0.04399   0.04687   0.10516   0.21363
12      0.00000   0.00000  -0.00000  -0.00000   0.00155   0.00155  -0.00176  -0.00128   0.02593   0.02584   0.05845   0.18207   0.19539
13     -0.00000  -0.00000   0.00000   0.00000  -0.00187  -0.00186   0.00613   0.01194  -0.01939  -0.02437  -0.11916  -0.18123  -0.11048   0.21021
14     -0.00000  -0.00000   0.00000   0.00000  -0.00194  -0.00194  -0.00743  -0.00283  -0.00766  -0.01172  -0.11673  -0.19907  -0.13691   0.21610   0.22868
15      0.00000   0.00000   0.00000  -0.00000  -0.00000   0.00000   0.00000   0.00000  -0.00000   0.00000   0.00000  -0.00000   0.00000   0.00000   0.00000
16     -0.00000   0.00000  -0.00000   0.00000  -0.00000   0.00000   0.00000   0.00000  -0.00000  -0.00000   0.00000   0.00000   0.00000   0.00000  -0.00000
17      0.00000   0.00000  -0.00000  -0.00000   0.00035   0.00035   0.00244  -0.00256  -0.01320  -0.00921   0.05933  -0.00361  -0.09589  -0.10785  -0.08803
18     -0.00000   0.00000  -0.00000  -0.00000   0.00000  -0.00000   0.00000   0.00000   0.00000   0.00000   0.00000  -0.00000   0.00000  -0.00000  -0.00000
19     -0.00000   0.00000   0.00000  -0.00000   0.00000  -0.00000   0.00000  -0.00000   0.00000   0.00000  -0.00000  -0.00000   0.00000  -0.00000   0.00000
20     -0.00000  -0.00000   0.00000   0.00000  -0.00057  -0.00057  -0.01642  -0.02032   0.00068   0.00374   0.00579  -0.10766  -0.17466   0.00239   0.03412
21      0.00000   0.00000  -0.00000  -0.00000   0.00066   0.00066   0.01244   0.00773  -0.01631  -0.01219   0.07207   0.04971  -0.03696  -0.14054  -0.12971
22     -0.00000   0.00000   0.00000   0.00000  -0.00030  -0.00031  -0.01136  -0.01507  -0.00266   0.00017   0.01966  -0.08088  -0.15574  -0.02790   0.00042
23     -0.00000   0.00000   0.00000  -0.00000   0.00000   0.00000   0.00000   0.00000   0.00000  -0.00000   0.00000  -0.00000   0.00000  -0.00000   0.00000
        #15       #16       #17       #18       #19       #20       #21       #22       #23  
15      0.18386
16      0.20328   0.22739
17      0.00000  -0.00000   0.24493
18     -0.20792  -0.23415   0.00000   0.24652
19     -0.20793  -0.23492  -0.00000   0.24705   0.24801
20     -0.00000  -0.00000   0.20784  -0.00000  -0.00000   0.24763
21     -0.00000   0.00000   0.21712  -0.00000   0.00000   0.15658   0.21091
22      0.00000   0.00000   0.22581   0.00000   0.00000   0.24455   0.17936   0.24945
23     -0.09861  -0.11891   0.00000   0.13205   0.13384  -0.00000  -0.00000  -0.00000   0.09586
Nuclei 4 prop density value :  9.65980
Nuclei 4 prop kinetic value : 99.91712
Nuclei 4 prop laplacian value :  0.00044
Follow AOM for atom 5
        #0        #1        #2        #3        #4        #5        #6        #7        #8        #9        #10       #11       #12       #13       #14  
0       0.25000
1      -0.25000   0.25000
2       0.25000  -0.25000   0.25000
3      -0.25000   0.25000  -0.25000   0.25000
4      -0.00000   0.00000  -0.00000   0.00000   0.00023
5       0.00000  -0.00000   0.00000  -0.00000  -0.00023   0.00023
6      -0.00000   0.00000  -0.00000   0.00000   0.00182  -0.00182   0.22726
7       0.00000  -0.00000   0.00000  -0.00000  -0.00179   0.00179  -0.23073   0.23477
8       0.00000  -0.00000   0.00000  -0.00000  -0.00153   0.00153  -0.23124   0.23486   0.24024
9      -0.00000   0.00000  -0.00000   0.00000   0.00149  -0.00149   0.23246  -0.23656  -0.24163   0.24345
10     -0.00000   0.00000  -0.00000   0.00000   0.00102  -0.00102  -0.04659   0.05146   0.05593  -0.05969   0.08126
11      0.00000  -0.00000   0.00000  -0.00000  -0.00201   0.00201   0.02013  -0.02338  -0.04399   0.04687  -0.10516   0.21362
12     -0.00000   0.00000  -0.00000   0.00000   0.00154  -0.00155  -0.00177   0.00129   0.02593  -0.02585   0.05844  -0.18206   0.19538
13      0.00000  -0.00000   0.00000  -0.00000  -0.00187   0.00186   0.00613  -0.01194  -0.01939   0.02437  -0.11917   0.18123  -0.11047   0.21022
14     -0.00000   0.00000  -0.00000   0.00000   0.00194  -0.00194   0.00743  -0.00283   0.00766  -0.01172   0.11674  -0.19907   0.13690  -0.21610   0.22868
15     -0.00000   0.00000  -0.00000   0.00000   0.00000  -0.00000  -0.00000   0.00000   0.00000  -0.00000  -0.00000   0.00000  -0.00000  -0.00000  -0.00000
16      0.00000  -0.00000   0.00000   0.00000  -0.00000  -0.00000   0.00000  -0.00000   0.00000  -0.00000   0.00000  -0.00000   0.00000   0.00000   0.00000
17      0.00000  -0.00000   0.00000  -0.00000  -0.00035   0.00035  -0.00244  -0.00256   0.01320  -0.00921  -0.05933  -0.00360   0.09589   0.10785  -0.08804
18     -0.00000  -0.00000  -0.00000  -0.00000  -0.00000   0.00000   0.00000   0.00000  -0.00000   0.00000  -0.00000   0.00000  -0.00000  -0.00000  -0.00000
19      0.00000   0.00000   0.00000  -0.00000   0.00000   0.00000   0.00000   0.00000   0.00000  -0.00000   0.00000   0.00000  -0.00000  -0.00000   0.00000
20      0.00000  -0.00000   0.00000  -0.00000  -0.00057   0.00057  -0.01642   0.02032   0.00068  -0.00374   0.00580   0.10766  -0.17466   0.00239  -0.03412
21     -0.00000   0.00000  -0.00000   0.00000   0.00066  -0.00066   0.01243  -0.00773  -0.01631   0.01219   0.07207  -0.04971  -0.03696  -0.14054   0.12971
22     -0.00000  -0.00000  -0.00000   0.00000   0.00030  -0.00031   0.01136  -0.01507   0.00266   0.00016  -0.01967  -0.08087   0.15574   0.02790   0.00042
23     -0.00000   0.00000  -0.00000   0.00000  -0.00000   0.00000   0.00000  -0.00000  -0.00000   0.00000   0.00000   0.00000   0.00000  -0.00000   0.00000
        #15       #16       #17       #18       #19       #20       #21       #22       #23  
15      0.18387
16     -0.20328   0.22739
17      0.00000   0.00000   0.24494
18     -0.20792   0.23415   0.00000   0.24652
19      0.20793  -0.23492  -0.00000  -0.24705   0.24801
20      0.00000   0.00000  -0.20784   0.00000  -0.00000   0.24762
21      0.00000  -0.00000  -0.21712  -0.00000   0.00000   0.15658   0.21091
22     -0.00000  -0.00000   0.22581   0.00000  -0.00000  -0.24455  -0.17936   0.24945
23     -0.09861   0.11890   0.00000   0.13205  -0.13384  -0.00000   0.00000  -0.00000   0.09587
Nuclei 5 prop density value :  9.65982
Nuclei 5 prop kinetic value : 99.91715
Nuclei 5 prop laplacian value :  0.00092
Tot prop density value : 48.00462
Tot prop kinetic value : 473.66109
Tot prop laplacian value :  0.02960
Follow total AOM
        #0        #1        #2        #3        #4        #5        #6        #7        #8        #9        #10       #11       #12       #13       #14  
0       1.00000
1       0.00000   1.00000
2       0.00000  -0.00000   1.00000
3       0.00000   0.00000  -0.00000   1.00000
4      -0.00000   0.00000   0.00000   0.00000   1.00000
5       0.00000  -0.00000   0.00000   0.00000   0.00000   1.00000
6      -0.00000   0.00000   0.00000  -0.00000   0.00000   0.00000   1.00015
7      -0.00000   0.00000  -0.00000   0.00000   0.00000   0.00000  -0.00029   1.00018
8      -0.00000  -0.00000   0.00000  -0.00000   0.00000  -0.00000   0.00000   0.00000   1.00000
9       0.00000  -0.00000  -0.00000   0.00000  -0.00000  -0.00000  -0.00000   0.00000  -0.00001   1.00002
10      0.00000  -0.00000   0.00000   0.00000   0.00000   0.00000  -0.00006   0.00006  -0.00000   0.00000   0.99993
11      0.00000  -0.00000  -0.00000   0.00000   0.00000   0.00000  -0.00026   0.00015  -0.00000   0.00000   0.00005   1.00013
12     -0.00000  -0.00000   0.00000  -0.00000  -0.00000   0.00001   0.00029  -0.00046   0.00000  -0.00000   0.00001  -0.00042   1.00033
13     -0.00000  -0.00000   0.00000   0.00000  -0.00000  -0.00000   0.00000   0.00000   0.00001  -0.00001   0.00000  -0.00000   0.00000   1.00002
14      0.00000  -0.00000   0.00000  -0.00000   0.00000  -0.00000  -0.00000   0.00000  -0.00001   0.00004   0.00000   0.00000  -0.00000  -0.00002   1.00006
15     -0.00000   0.00000  -0.00000   0.00000  -0.00000   0.00000  -0.00000   0.00000  -0.00000   0.00000   0.00000   0.00000  -0.00000  -0.00000   0.00000
16     -0.00000  -0.00000   0.00000   0.00000  -0.00000  -0.00000   0.00000   0.00000   0.00000  -0.00000   0.00000   0.00000   0.00000  -0.00000   0.00000
17      0.00000  -0.00000   0.00000  -0.00000  -0.00000   0.00000   0.00055  -0.00036   0.00000   0.00000  -0.00020  -0.00026   0.00094   0.00000   0.00000
18     -0.00000   0.00000  -0.00000  -0.00000   0.00000   0.00000   0.00000   0.00000   0.00000   0.00000  -0.00000  -0.00000  -0.00000  -0.00000  -0.00000
19     -0.00000   0.00000   0.00000  -0.00000  -0.00000  -0.00000   0.00000  -0.00000   0.00000  -0.00000   0.00000   0.00000   0.00000  -0.00000   0.00000
20      0.00000   0.00000   0.00000  -0.00000   0.00000   0.00000  -0.00000  -0.00000   0.00005   0.00001  -0.00000   0.00000  -0.00000   0.00008   0.00001
21      0.00000   0.00000  -0.00000   0.00000   0.00000   0.00000  -0.00029   0.00041  -0.00000  -0.00000   0.00015   0.00034  -0.00045  -0.00000   0.00000
22     -0.00000   0.00000  -0.00000  -0.00000   0.00000  -0.00000   0.00000  -0.00000   0.00001  -0.00001  -0.00000   0.00000  -0.00000   0.00001  -0.00001
23      0.00000   0.00000   0.00000  -0.00000   0.00000   0.00000  -0.00000   0.00000  -0.00000  -0.00000  -0.00000  -0.00000  -0.00000  -0.00000   0.00000
        #15       #16       #17       #18       #19       #20       #21       #22       #23  
15      1.00009
16     -0.00026   1.00017
17      0.00000   0.00000   1.00098
18     -0.00000   0.00000   0.00000   0.99997
19      0.00000  -0.00000  -0.00000  -0.00001   1.00000
20     -0.00000   0.00000   0.00000  -0.00000   0.00000   0.99986
21     -0.00000  -0.00000  -0.00093  -0.00000   0.00000   0.00000   1.00047
22     -0.00000  -0.00000   0.00000   0.00000  -0.00000  -0.00001  -0.00000   1.00000
23     -0.00007   0.00003   0.00000   0.00000  -0.00000  -0.00000  -0.00000  -0.00000   0.99994
Diff in S matrix :  0.00295
