
******** <class 'surf.BaderSurf'> flags ********
* General Info
Date Sat Jan  5 04:36:35 2019
Python 2.7.14 (default, Apr 10 2018, 19:21:27) 
[GCC 7.3.0]
Numpy 1.15.4
Number of threads 4
Verbose level 4
Scratch dir /scratch-ssd/jluis
Input data file h2o.chk
Max_memory 32000 MB (current use 69 MB)
Correlated ? False
* Molecular Info
Num atoms 3
Num electrons 10
Total charge 0
Spin 0 
Atom Coordinates (Bohr)
Nuclei 0 with charge 8 position : 0.000000  0.000000  0.222261
Nuclei 1 with charge 1 position : 1.438435  0.000000  -0.889042
Nuclei 2 with charge 1 position : -1.438435  0.000000  -0.889042
* Basis Info
Is cartesian False
Number of molecular orbitals 177
Orbital EPS occ criterion 1.000000e-06
Number of occupied molecular orbitals 5
Number of molecular primitives 177
* Surface Info
Lebedev quadrature
Npang points 5810
Surface file h2o.chk.h5
Surface for nuc 0
Rmaxsurface 10.000000
Ntrial 11
Rprimer 0.400000
Epsiscp 0.220000
Epsroot 1.000000e-05
ODE solver rkdp
ODE tool 1.000000e-05
Max steps in ODE solver 200

Good rho position 0.000000 0.000000 0.222249
Check rho position 1.426970 0.000000 -0.880739
Setting xyrho for atom to imput coords
Check rho position -1.426970 0.000000 -0.880739
Setting xyrho for atom to imput coords
Time finding nucleus 0.073 (sec)
Time finding surface 55.644 (sec)
Rmin for surface 1.477262
Rmax for surface 10.000000
Write HDF5 surface file
Surface of atom 0 saved
    CPU time for BaderSurf build    222.98 sec

******** <class 'surf.BaderSurf'> flags ********
* General Info
Date Sat Jan  5 04:37:31 2019
Python 2.7.14 (default, Apr 10 2018, 19:21:27) 
[GCC 7.3.0]
Numpy 1.15.4
Number of threads 4
Verbose level 4
Scratch dir /scratch-ssd/jluis
Input data file h2o.chk
Max_memory 32000 MB (current use 73 MB)
Correlated ? False
* Molecular Info
Num atoms 3
Num electrons 10
Total charge 0
Spin 0 
Atom Coordinates (Bohr)
Nuclei 0 with charge 8 position : 0.000000  0.000000  0.222261
Nuclei 1 with charge 1 position : 1.438435  0.000000  -0.889042
Nuclei 2 with charge 1 position : -1.438435  0.000000  -0.889042
* Basis Info
Is cartesian False
Number of molecular orbitals 177
Orbital EPS occ criterion 1.000000e-06
Number of occupied molecular orbitals 5
Number of molecular primitives 177
* Surface Info
Lebedev quadrature
Npang points 5810
Surface file h2o.chk.h5
Surface for nuc 1
Rmaxsurface 10.000000
Ntrial 11
Rprimer 0.400000
Epsiscp 0.220000
Epsroot 1.000000e-05
ODE solver rkdp
ODE tool 1.000000e-05
Max steps in ODE solver 200

Good rho position 0.000000 0.000000 0.222249
Check rho position 1.426970 0.000000 -0.880739
Setting xyrho for atom to imput coords
Check rho position -1.426970 0.000000 -0.880739
Setting xyrho for atom to imput coords
Time finding nucleus 0.072 (sec)
