
******** <class '__main__.Basin'> flags ********
* General Info
Date Fri Jan  4 23:49:54 2019
Python 2.7.14 (default, Apr 10 2018, 19:21:27) 
[GCC 7.3.0]
Numpy 1.15.4
Number of threads 4
Verbose level 4
Scratch dir /scratch-ssd/jluis
Input data file h2o.chk
Max_memory 32000 MB (current use 71 MB)
* Molecular Info
Num atoms 3
Num electrons 10
Total charge 0
Spin 0 
Atom Coordinates (Bohr)
Nuclei 0 with charge 8 position : 0.000000  0.000000  0.222261
Nuclei 1 with charge 1 position : 1.438435  0.000000  -0.889042
Nuclei 2 with charge 1 position : -1.438435  0.000000  -0.889042
* Basis Info
Number of molecular orbitals 24
Number of molecular primitives 24
* Surface Info
Surface file h2o.chk.h5
Surface for nuc 0
Nuclear coordinate -0.000000  0.000000  0.222253
Rho nuclear coordinate -0.000000  0.000000  0.222253
Npang points 5810
Ntrial 11
Rmin for surface 1.476837
Rmax for surface 10.000000
Npang points inside 3074
* Radial grid Info
Number of radial points outside 221
Number of radial points inside 121
Radial outside quadrature legendre
Radial outside mapping exp
Radial inside quadrature legendre
Radial inside mapping exp
Slater-Bragg radii 0.566918
Beta-Sphere factor 0.400000
Beta-Sphere radi 0.590735

* Go with inside betasphere
*--> density density inside bsphere  2.78755 
*--> kinetic density inside bsphere 66.79912 
*--> laplacian density inside bsphere -6.66697 
Time in Bsphere 0.868 (sec)
* Go outside betasphere
*--> density density outside bsphere  6.46543 
*--> kinetic density outside bsphere  8.53665 
*--> laplacian density outside bsphere  6.66632 
Time out Bsphere 4.759 (sec)
Write info to HDF5 file
*-> Total density density  9.25297 
*-> Total kinetic density 75.33578 
*-> Total laplacian density -0.00066 

Basim properties of atom 0 done
    CPU time for Basin build     22.48 sec

******** <class '__main__.Basin'> flags ********
* General Info
Date Fri Jan  4 23:49:59 2019
Python 2.7.14 (default, Apr 10 2018, 19:21:27) 
[GCC 7.3.0]
Numpy 1.15.4
Number of threads 4
Verbose level 4
Scratch dir /scratch-ssd/jluis
Input data file h2o.chk
Max_memory 32000 MB (current use 87 MB)
* Molecular Info
Num atoms 3
Num electrons 10
Total charge 0
Spin 0 
Atom Coordinates (Bohr)
Nuclei 0 with charge 8 position : 0.000000  0.000000  0.222261
Nuclei 1 with charge 1 position : 1.438435  0.000000  -0.889042
Nuclei 2 with charge 1 position : -1.438435  0.000000  -0.889042
* Basis Info
Number of molecular orbitals 24
Number of molecular primitives 24
* Surface Info
Surface file h2o.chk.h5
Surface for nuc 1
Nuclear coordinate 1.438435  0.000000  -0.889042
Rho nuclear coordinate 1.438435  0.000000  -0.889042
Npang points 5810
Ntrial 11
Rmin for surface 0.342789
Rmax for surface 10.000000
Npang points inside 3074
* Radial grid Info
Number of radial points outside 221
Number of radial points inside 121
Radial outside quadrature 1
Radial outside mapping 2
Radial inside quadrature 1
Radial inside mapping 2
Slater-Bragg radii 0.661404
Beta-Sphere factor 0.400000
Beta-Sphere radi 0.137115

* Go with inside betasphere
*--> density density inside bsphere  0.00366 
*--> kinetic density inside bsphere  0.00122 
*--> laplacian density inside bsphere -0.10136 
Time in Bsphere 0.849 (sec)
* Go outside betasphere
*--> density density outside bsphere  0.36988 
*--> kinetic density outside bsphere  0.31626 
*--> laplacian density outside bsphere  0.10135 
Time out Bsphere 3.639 (sec)
Write info to HDF5 file
*-> Total density density  0.37354 
*-> Total kinetic density  0.31748 
*-> Total laplacian density -0.00001 

Basim properties of atom 1 done
    CPU time for Basin build     17.97 sec

******** <class '__main__.Basin'> flags ********
* General Info
Date Fri Jan  4 23:50:04 2019
Python 2.7.14 (default, Apr 10 2018, 19:21:27) 
[GCC 7.3.0]
Numpy 1.15.4
Number of threads 4
Verbose level 4
Scratch dir /scratch-ssd/jluis
Input data file h2o.chk
Max_memory 32000 MB (current use 87 MB)
* Molecular Info
Num atoms 3
Num electrons 10
Total charge 0
Spin 0 
Atom Coordinates (Bohr)
Nuclei 0 with charge 8 position : 0.000000  0.000000  0.222261
Nuclei 1 with charge 1 position : 1.438435  0.000000  -0.889042
Nuclei 2 with charge 1 position : -1.438435  0.000000  -0.889042
* Basis Info
Number of molecular orbitals 24
Number of molecular primitives 24
* Surface Info
Surface file h2o.chk.h5
Surface for nuc 2
Nuclear coordinate -1.438435  0.000000  -0.889042
Rho nuclear coordinate -1.438435  0.000000  -0.889042
Npang points 5810
Ntrial 11
Rmin for surface 0.342789
Rmax for surface 10.000000
Npang points inside 3074
* Radial grid Info
Number of radial points outside 221
Number of radial points inside 121
Radial outside quadrature 1
Radial outside mapping 2
Radial inside quadrature 1
Radial inside mapping 2
Slater-Bragg radii 0.661404
Beta-Sphere factor 0.400000
Beta-Sphere radi 0.137115

* Go with inside betasphere
*--> density density inside bsphere  0.00366 
*--> kinetic density inside bsphere  0.00122 
*--> laplacian density inside bsphere -0.10136 
Time in Bsphere 0.854 (sec)
* Go outside betasphere
*--> density density outside bsphere  0.36988 
*--> kinetic density outside bsphere  0.31626 
*--> laplacian density outside bsphere  0.10135 
Time out Bsphere 3.624 (sec)
Write info to HDF5 file
*-> Total density density  0.37354 
*-> Total kinetic density  0.31748 
*-> Total laplacian density -0.00001 

Basim properties of atom 2 done
    CPU time for Basin build     17.94 sec
