Surface file is : h2o.chk.h5
Surface info for atom : 0
Nuclei 0 position : -0.00000  0.00000  0.22225
Nuclei rho 0 position : -0.00000  0.00000  0.22225
Number of angular points : 5810
Ntrial : 11
Rmin and rmax for surface :  1.47684 10.00000
Surface file is : h2o.chk.h5
Surface info for atom : 1
Nuclei 1 position :  1.43843  0.00000 -0.88904
Nuclei rho 1 position :  1.43843  0.00000 -0.88904
Number of angular points : 5810
Ntrial : 11
Rmin and rmax for surface :  0.34279 10.00000
Surface file is : h2o.chk.h5
Surface info for atom : 2
Nuclei 2 position : -1.43843  0.00000 -0.88904
Nuclei rho 2 position : -1.43843  0.00000 -0.88904
Number of angular points : 5810
Ntrial : 11
Rmin and rmax for surface :  0.34279 10.00000
Follow AOM for atom 0
        #0        #1        #2        #3        #4        #5        #6        #7        #8        #9        #10       #11       #12       #13       #14  
0       1.00000
1      -0.00008   0.93031
2       0.00000   0.00000   0.79303
3       0.00011   0.07440   0.00000   0.91275
4       0.00000  -0.00000  -0.00000  -0.00000   0.99043
5      -0.00031  -0.08470  -0.00000   0.12028  -0.00000   0.56095
6      -0.00000  -0.00000  -0.18661  -0.00000   0.00000  -0.00000   0.37150
7       0.00000  -0.00000  -0.24847   0.00000   0.00000   0.00000   0.02105   0.49344
8      -0.00019  -0.16522   0.00000   0.16672  -0.00000  -0.07334   0.00000   0.00000   0.41440
9       0.00002  -0.00561   0.00000  -0.01588   0.00000   0.01370  -0.00000   0.00000  -0.02389   0.90681
10     -0.00000   0.00000   0.00000   0.00000  -0.01349   0.00000   0.00000   0.00000  -0.00000  -0.00000   0.98032
11     -0.00000   0.00000  -0.05805   0.00000  -0.00000  -0.00000   0.12353  -0.17634   0.00000   0.00000  -0.00000   0.81830
12      0.00001   0.03419   0.00000  -0.06155   0.00000  -0.04032  -0.00000   0.00000   0.06310  -0.11939   0.00000   0.00000   0.71278
13      0.00000  -0.00000  -0.00000  -0.00000  -0.00000  -0.00000   0.00000  -0.00000   0.00000   0.00000  -0.00000   0.00000   0.00000   0.62745
14     -0.00000   0.00000   0.00000   0.00000  -0.05671  -0.00000  -0.00000  -0.00000   0.00000  -0.00000  -0.07838  -0.00000  -0.00000   0.00000   0.63426
15      0.00011   0.03833  -0.00000  -0.05479  -0.00000   0.14154   0.00000  -0.00000  -0.00125  -0.00953   0.00000   0.00000  -0.06962   0.00000   0.00000
16      0.00000   0.00000  -0.05923  -0.00000   0.00000   0.00000  -0.03503   0.04281  -0.00000  -0.00000  -0.00000  -0.08041  -0.00000  -0.00000   0.00000
17     -0.00000   0.00000  -0.11862  -0.00000   0.00000   0.00000  -0.14924  -0.22568   0.00000  -0.00000   0.00000  -0.16707  -0.00000   0.00000   0.00000
18     -0.00024  -0.04071  -0.00000   0.07155   0.00000  -0.16841  -0.00000  -0.00000  -0.24338   0.07416  -0.00000  -0.00000   0.02469   0.00000   0.00000
19      0.00000   0.00000   0.00000   0.00000  -0.02746   0.00000   0.00000  -0.00000   0.00000   0.00000  -0.03854  -0.00000  -0.00000   0.00000  -0.17830
20      0.00000   0.00000  -0.00000  -0.00000   0.00000  -0.00000   0.00000   0.00000   0.00000  -0.00000  -0.00000   0.00000   0.00000   0.18507  -0.00000
21      0.00001   0.01239  -0.00000  -0.03150   0.00000   0.00406   0.00000  -0.00000  -0.03038  -0.07323  -0.00000   0.00000  -0.17597   0.00000  -0.00000
22     -0.00005   0.03970   0.00000  -0.02257  -0.00000  -0.00078  -0.00000  -0.00000   0.01976   0.08102  -0.00000  -0.00000   0.02421   0.00000  -0.00000
23      0.00000   0.00000  -0.04636  -0.00000   0.00000  -0.00000  -0.00558  -0.03288  -0.00000   0.00000   0.00000   0.07960  -0.00000   0.00000   0.00000
        #15       #16       #17       #18       #19       #20       #21       #22       #23  
15      0.89025
16     -0.00000   0.52371
17      0.00000   0.00210   0.59128
18     -0.01778  -0.00000   0.00000   0.61262
19      0.00000   0.00000   0.00000  -0.00000   0.91225
20     -0.00000  -0.00000  -0.00000   0.00000  -0.00000   0.90666
21     -0.06888   0.00000  -0.00000  -0.02586   0.00000  -0.00000   0.87508
22     -0.05528  -0.00000  -0.00000  -0.18906   0.00000   0.00000  -0.00220   0.82958
23     -0.00000   0.00001   0.18113   0.00000  -0.00000  -0.00000   0.00000  -0.00000   0.84493
Nuclei 0 prop density value :  9.25297
Nuclei 0 prop kinetic value : 75.33578
Nuclei 0 prop laplacian value : -0.00066
Follow AOM for atom 1
        #0        #1        #2        #3        #4        #5        #6        #7        #8        #9        #10       #11       #12       #13       #14  
0       0.00000
1       0.00004   0.03485
2       0.00009   0.05877   0.10350
3      -0.00006  -0.03721  -0.06353   0.04363
4      -0.00000   0.00000   0.00000   0.00000   0.00479
5       0.00015   0.04236   0.09094  -0.06015   0.00000   0.21957
6       0.00018   0.04074   0.09331  -0.06048   0.00000   0.25643   0.31424
7       0.00007   0.07764   0.12425  -0.08446   0.00000   0.01870  -0.01051   0.25329
8       0.00009   0.08262   0.14280  -0.08336   0.00000   0.03666   0.01548   0.25018   0.29282
9      -0.00001   0.00281   0.00789   0.00794  -0.00000  -0.00686  -0.00156  -0.01724   0.01196   0.04661
10      0.00000  -0.00000  -0.00000   0.00000   0.00675  -0.00000   0.00000   0.00000   0.00000   0.00000   0.00985
11     -0.00000   0.01609   0.02903  -0.01297   0.00000  -0.03633  -0.06174   0.08815   0.11605  -0.00438  -0.00000   0.09085
12     -0.00001  -0.01710  -0.01387   0.03077  -0.00000   0.02017   0.03215  -0.09525  -0.03155   0.05969  -0.00000   0.00326   0.14361
13      0.00000   0.00000   0.00000  -0.00000   0.02898   0.00000  -0.00000   0.00000   0.00000   0.00000   0.04028   0.00000  -0.00000   0.18630
14      0.00000   0.00000   0.00000   0.00000   0.02836  -0.00000  -0.00000  -0.00000   0.00000   0.00000   0.03920  -0.00000   0.00000   0.18438   0.18290
15     -0.00005  -0.01917  -0.03251   0.02740  -0.00000  -0.07077  -0.08652  -0.01964   0.00062   0.00476   0.00000   0.04522   0.03481  -0.00000  -0.00000
16      0.00001   0.00761   0.02962   0.01266  -0.00000   0.01100   0.01751  -0.02140   0.07122   0.09058  -0.00000   0.04021   0.16354   0.00000  -0.00000
17      0.00012   0.02552   0.05930  -0.04123   0.00000   0.07611   0.07463   0.11282   0.14194  -0.03984   0.00000   0.08354  -0.02499  -0.00000  -0.00000
18      0.00012   0.02034   0.05245  -0.03577   0.00000   0.08420   0.08872   0.08876   0.12168  -0.03709   0.00000   0.07444  -0.01234  -0.00000   0.00000
19      0.00000   0.00000   0.00000   0.00000   0.01373   0.00000   0.00000  -0.00000  -0.00000  -0.00000   0.01927   0.00000   0.00000   0.08991   0.08916
20     -0.00000  -0.00000   0.00000  -0.00000  -0.01427  -0.00000  -0.00000   0.00000  -0.00000   0.00000  -0.02022  -0.00000   0.00000  -0.09255  -0.09160
21     -0.00000  -0.00620  -0.00109   0.01575  -0.00000  -0.00203  -0.00036  -0.03246   0.01519   0.03661   0.00000   0.02725   0.08798  -0.00000  -0.00000
22      0.00003  -0.01986  -0.02665   0.01129  -0.00000   0.00039  -0.00197  -0.01266  -0.00989  -0.04052  -0.00000   0.03418  -0.01210   0.00000  -0.00000
23     -0.00003   0.01921   0.02319  -0.01433   0.00000   0.00181   0.00278   0.01645  -0.00061   0.02398  -0.00000  -0.03980  -0.01148   0.00000   0.00000
        #15       #16       #17       #18       #19       #20       #21       #22       #23  
15      0.05488
16      0.04139   0.23815
17      0.00885  -0.00105   0.20438
18      0.00890   0.00552   0.19743   0.19371
19      0.00000   0.00000   0.00000  -0.00000   0.04388
20     -0.00000   0.00000  -0.00000   0.00000  -0.04516   0.04668
21      0.03444   0.11306   0.00758   0.01294   0.00000   0.00000   0.06246
22      0.02765  -0.03647   0.09334   0.09454  -0.00000   0.00000   0.00110   0.08522
23     -0.03229  -0.00001  -0.09057  -0.09270   0.00000  -0.00000  -0.01800  -0.07716   0.07754
Nuclei 1 prop density value :  0.37354
Nuclei 1 prop kinetic value :  0.31748
Nuclei 1 prop laplacian value : -0.00001
Follow AOM for atom 2
        #0        #1        #2        #3        #4        #5        #6        #7        #8        #9        #10       #11       #12       #13       #14  
0       0.00000
1       0.00004   0.03485
2      -0.00009  -0.05877   0.10350
3      -0.00006  -0.03721   0.06353   0.04363
4      -0.00000  -0.00000   0.00000   0.00000   0.00479
5       0.00015   0.04236  -0.09094  -0.06015   0.00000   0.21957
6      -0.00018  -0.04074   0.09331   0.06048   0.00000  -0.25643   0.31424
7      -0.00007  -0.07764   0.12425   0.08446   0.00000  -0.01870  -0.01051   0.25329
8       0.00009   0.08262  -0.14280  -0.08336   0.00000   0.03666  -0.01548  -0.25018   0.29282
9      -0.00001   0.00281  -0.00789   0.00794   0.00000  -0.00686   0.00156   0.01724   0.01196   0.04661
10     -0.00000  -0.00000   0.00000   0.00000   0.00675   0.00000  -0.00000  -0.00000   0.00000   0.00000   0.00985
11      0.00000  -0.01609   0.02903   0.01297  -0.00000   0.03633  -0.06174   0.08815  -0.11605   0.00438  -0.00000   0.09085
12     -0.00001  -0.01710   0.01387   0.03077  -0.00000   0.02017  -0.03215   0.09525  -0.03155   0.05969  -0.00000  -0.00326   0.14361
13     -0.00000  -0.00000   0.00000   0.00000  -0.02898  -0.00000  -0.00000  -0.00000   0.00000   0.00000  -0.04028  -0.00000  -0.00000   0.18630
14      0.00000   0.00000   0.00000  -0.00000   0.02836   0.00000  -0.00000   0.00000  -0.00000   0.00000   0.03920   0.00000  -0.00000  -0.18438   0.18290
15     -0.00005  -0.01917   0.03251   0.02740   0.00000  -0.07077   0.08652   0.01964   0.00062   0.00476   0.00000  -0.04522   0.03481   0.00000   0.00000
16     -0.00001  -0.00761   0.02962  -0.01266   0.00000  -0.01100   0.01751  -0.02140  -0.07122  -0.09058  -0.00000   0.04021  -0.16354   0.00000   0.00000
17     -0.00012  -0.02552   0.05930   0.04123   0.00000  -0.07611   0.07463   0.11282  -0.14194   0.03984   0.00000   0.08354   0.02499   0.00000   0.00000
18      0.00012   0.02034  -0.05245  -0.03577   0.00000   0.08420  -0.08872  -0.08876   0.12168  -0.03709  -0.00000  -0.07444  -0.01234   0.00000  -0.00000
19      0.00000   0.00000   0.00000   0.00000   0.01373   0.00000  -0.00000   0.00000  -0.00000  -0.00000   0.01927  -0.00000  -0.00000  -0.08991   0.08916
20      0.00000  -0.00000   0.00000   0.00000   0.01427  -0.00000  -0.00000  -0.00000  -0.00000  -0.00000   0.02022  -0.00000   0.00000  -0.09255   0.09160
21     -0.00000  -0.00620   0.00109   0.01575   0.00000  -0.00203   0.00036   0.03246   0.01519   0.03661  -0.00000  -0.02725   0.08798   0.00000  -0.00000
22      0.00003  -0.01986   0.02665   0.01129   0.00000   0.00039   0.00197   0.01266  -0.00989  -0.04052  -0.00000  -0.03418  -0.01210  -0.00000  -0.00000
23      0.00003  -0.01921   0.02319   0.01433   0.00000  -0.00181   0.00278   0.01645   0.00061  -0.02398   0.00000  -0.03980   0.01148  -0.00000   0.00000
        #15       #16       #17       #18       #19       #20       #21       #22       #23  
15      0.05488
16     -0.04139   0.23815
17     -0.00885  -0.00105   0.20438
18      0.00890  -0.00552  -0.19743   0.19371
19     -0.00000   0.00000  -0.00000   0.00000   0.04388
20     -0.00000   0.00000  -0.00000   0.00000   0.04516   0.04668
21      0.03444  -0.11306  -0.00758   0.01294   0.00000   0.00000   0.06246
22      0.02765   0.03647  -0.09334   0.09454  -0.00000   0.00000   0.00110   0.08522
23      0.03229  -0.00001  -0.09057   0.09270  -0.00000   0.00000   0.01800   0.07716   0.07754
Nuclei 2 prop density value :  0.37354
Nuclei 2 prop kinetic value :  0.31748
Nuclei 2 prop laplacian value : -0.00001
Tot prop density value : 10.00006
Tot prop kinetic value : 75.97074
Tot prop laplacian value : -0.00067
Follow total AOM
        #0        #1        #2        #3        #4        #5        #6        #7        #8        #9        #10       #11       #12       #13       #14  
0       1.00000
1       0.00000   1.00002
2       0.00000   0.00000   1.00004
3      -0.00000  -0.00001  -0.00000   1.00002
4       0.00000  -0.00000   0.00000   0.00000   1.00000
5       0.00000   0.00002   0.00000  -0.00003   0.00000   1.00009
6      -0.00000  -0.00000   0.00002   0.00000   0.00000  -0.00000   0.99999
7       0.00000   0.00000   0.00003  -0.00000   0.00000  -0.00000   0.00002   1.00002
8       0.00000   0.00001   0.00000  -0.00000   0.00000  -0.00002   0.00000  -0.00000   1.00003
9       0.00000   0.00001   0.00000   0.00000   0.00000  -0.00003  -0.00000  -0.00000   0.00003   1.00003
10     -0.00000   0.00000   0.00000   0.00000   0.00000  -0.00000  -0.00000   0.00000  -0.00000   0.00000   1.00001
11     -0.00000   0.00000  -0.00000   0.00000  -0.00000   0.00000   0.00005  -0.00004  -0.00000   0.00000  -0.00000   1.00000
12     -0.00000   0.00000  -0.00000  -0.00001  -0.00000   0.00002  -0.00000  -0.00000  -0.00000  -0.00001   0.00000  -0.00000   0.99999
13      0.00000  -0.00000   0.00000  -0.00000   0.00000   0.00000  -0.00000  -0.00000   0.00000   0.00000   0.00000   0.00000  -0.00000   1.00006
14     -0.00000   0.00000   0.00000   0.00000   0.00001  -0.00000  -0.00000   0.00000  -0.00000   0.00000   0.00002   0.00000  -0.00000  -0.00000   1.00005
15     -0.00000  -0.00001   0.00000   0.00001  -0.00000  -0.00001   0.00000   0.00000  -0.00001  -0.00001   0.00000   0.00000  -0.00000   0.00000  -0.00000
16      0.00000   0.00000   0.00001   0.00000  -0.00000  -0.00000  -0.00001   0.00000   0.00000   0.00000  -0.00000   0.00001   0.00000   0.00000  -0.00000
17      0.00000   0.00000  -0.00003   0.00000   0.00000   0.00000   0.00002  -0.00004  -0.00000   0.00000   0.00000   0.00001   0.00000  -0.00000   0.00000
18     -0.00000  -0.00002   0.00000   0.00002   0.00000   0.00000   0.00000  -0.00000  -0.00002  -0.00002  -0.00000   0.00000   0.00000  -0.00000   0.00000
19      0.00000   0.00000   0.00000   0.00000   0.00000   0.00000  -0.00000   0.00000   0.00000   0.00000   0.00001   0.00000  -0.00000   0.00000   0.00002
20      0.00000  -0.00000   0.00000  -0.00000   0.00000  -0.00000  -0.00000  -0.00000  -0.00000  -0.00000   0.00000  -0.00000   0.00000  -0.00003   0.00000
21     -0.00000  -0.00000   0.00000   0.00000   0.00000   0.00000   0.00000   0.00000  -0.00000  -0.00000  -0.00000   0.00000  -0.00001   0.00000  -0.00000
22     -0.00000  -0.00002  -0.00000   0.00001  -0.00000   0.00001  -0.00000  -0.00000  -0.00002  -0.00002  -0.00000  -0.00000   0.00001  -0.00000  -0.00000
23      0.00000  -0.00000   0.00001  -0.00000   0.00000   0.00000  -0.00001   0.00003   0.00000   0.00000  -0.00000  -0.00001   0.00000  -0.00000   0.00000
        #15       #16       #17       #18       #19       #20       #21       #22       #23  
15      1.00001
16      0.00000   1.00000
17      0.00000  -0.00000   1.00003
18      0.00002   0.00000   0.00000   1.00004
19     -0.00000   0.00000   0.00000   0.00000   1.00001
20     -0.00000   0.00000  -0.00000   0.00000   0.00000   1.00002
21      0.00000   0.00000  -0.00000   0.00001   0.00000   0.00000   1.00000
22      0.00002   0.00000   0.00000   0.00003  -0.00000   0.00000   0.00001   1.00002
23     -0.00000  -0.00001  -0.00002   0.00000  -0.00000   0.00000   0.00000   0.00000   1.00001
