
******** <class 'aom.Aom'> flags ********
* General Info
Date Thu Jan  3 03:33:35 2019
Python 2.7.14 (default, Apr 10 2018, 19:21:27) 
[GCC 7.3.0]
Numpy 1.15.4
Number of threads 4
Verbose level 4
Scratch dir /scratch-ssd/jluis
Input data file lif.chk
Max_memory 32000 MB (current use 72 MB)
* Molecular Info
Num atoms 2
Num electrons 12
Total charge 0
Spin 0 
Atom Coordinates (Bohr)
Nuclei 0 with charge 3 position : 0.000000  0.000000  2.222290
Nuclei 1 with charge 9 position : 0.000000  0.000000  -0.740763
* Basis Info
Number of molecular orbitals 145
Number of molecular primitives 145
* Surface Info
Surface file lif.chk.h5
Surface for nuc 0
Nuclear coordinate 0.000000  0.000000  2.222366
Rho nuclear coordinate 0.000000  0.000000  2.222366
Npang points 5810
Ntrial 11
Rmin for surface 1.142604
Rmax for surface 7.864347
Npang points inside 5810
* Radial grid Info
Number of radial points outside 101
Number of radial points inside 101
Radial outside quadrature legendre
Radial outside mapping exp
Radial inside quadrature legendre
Radial inside mapping exp
Slater-Bragg radii 1.370051
Beta-Sphere factor 0.400000
Beta-Sphere radi 0.457041

* Go with inside betasphere
    CPU time for Bsphere build      5.23 sec
* Go outside betasphere
    CPU time for Out Bsphere build      6.44 sec
        #0        #1        #2        #3        #4   
0       0.00000
1       0.00000   0.98707
2       0.00000  -0.04357   0.00626
3       0.00000  -0.04610   0.01205   0.02633
4       0.00000   0.00000   0.00000   0.00000   0.00946
5      -0.00000  -0.00000  -0.00000  -0.00000  -0.00000
        #5   
5       0.00946
Write info to HDF5 file

AOM of atom 0 done
    CPU time for AOM build     11.70 sec

******** <class 'aom.Aom'> flags ********
* General Info
Date Thu Jan  3 03:33:38 2019
Python 2.7.14 (default, Apr 10 2018, 19:21:27) 
[GCC 7.3.0]
Numpy 1.15.4
Number of threads 4
Verbose level 4
Scratch dir /scratch-ssd/jluis
Input data file lif.chk
Max_memory 32000 MB (current use 76 MB)
* Molecular Info
Num atoms 2
Num electrons 12
Total charge 0
Spin 0 
Atom Coordinates (Bohr)
Nuclei 0 with charge 3 position : 0.000000  0.000000  2.222290
Nuclei 1 with charge 9 position : 0.000000  0.000000  -0.740763
* Basis Info
Number of molecular orbitals 145
Number of molecular primitives 145
* Surface Info
Surface file lif.chk.h5
Surface for nuc 1
Nuclear coordinate 0.000000  0.000000  -0.740761
Rho nuclear coordinate 0.000000  0.000000  -0.740761
Npang points 5810
Ntrial 11
Rmin for surface 1.820511
Rmax for surface 10.000000
Npang points inside 5810
* Radial grid Info
Number of radial points outside 101
Number of radial points inside 101
Radial outside quadrature 1
Radial outside mapping 2
Radial inside quadrature 1
Radial inside mapping 2
Slater-Bragg radii 0.472432
Beta-Sphere factor 0.400000
Beta-Sphere radi 0.728204

* Go with inside betasphere
    CPU time for Bsphere build      5.33 sec
* Go outside betasphere
    CPU time for Out Bsphere build      8.30 sec
        #0        #1        #2        #3        #4   
0       1.00000
1      -0.00000   0.01294
2      -0.00000   0.04357   0.99374
3      -0.00000   0.04612  -0.01206   0.97337
4       0.00000  -0.00000  -0.00000  -0.00000   0.98968
5      -0.00000  -0.00000   0.00000   0.00000   0.00000
        #5   
5       0.98968
Write info to HDF5 file

AOM of atom 1 done
    CPU time for AOM build     13.65 sec
