
******** <class 'surf.BaderSurf'> flags ********
* General Info
Date Thu Jan  3 03:29:50 2019
Python 2.7.14 (default, Apr 10 2018, 19:21:27) 
[GCC 7.3.0]
Numpy 1.15.4
Number of threads 4
Verbose level 4
Scratch dir /scratch-ssd/jluis
Input data file lif.chk
Max_memory 32000 MB (current use 71 MB)
* Molecular Info
Num atoms 2
Num electrons 12
Total charge 0
Spin 0 
Atom Coordinates (Bohr)
Nuclei 0 with charge 3 position : 0.000000  0.000000  2.222290
Nuclei 1 with charge 9 position : 0.000000  0.000000  -0.740763
* Basis Info
Is cartesian False
Number of molecular orbitals 145
Number of molecular primitives 145
* Surface Info
Surface file lif.chk.h5
Surface for nuc 0
Rmaxsurface 10.000000
Npang points 5810
Ntrial 11
Rprimer 0.400000
Epsiscp 0.220000
Epsroot 0.000100
ODE solver rkck
ODE tool 0.000010
Max steps in ODE solver 100

Good rho position 0.000000 0.000000 2.222366
Good rho position 0.000000 0.000000 -0.740761
Rmin for surface 1.142604
Rmax for surface 7.864347
Write HDF5 surface file
Surface of atom 0 saved
    CPU time for BaderSurf build    159.93 sec

******** <class 'surf.BaderSurf'> flags ********
* General Info
Date Thu Jan  3 03:30:30 2019
Python 2.7.14 (default, Apr 10 2018, 19:21:27) 
[GCC 7.3.0]
Numpy 1.15.4
Number of threads 4
Verbose level 4
Scratch dir /scratch-ssd/jluis
Input data file lif.chk
Max_memory 32000 MB (current use 74 MB)
* Molecular Info
Num atoms 2
Num electrons 12
Total charge 0
Spin 0 
Atom Coordinates (Bohr)
Nuclei 0 with charge 3 position : 0.000000  0.000000  2.222290
Nuclei 1 with charge 9 position : 0.000000  0.000000  -0.740763
* Basis Info
Is cartesian False
Number of molecular orbitals 145
Number of molecular primitives 145
* Surface Info
Surface file lif.chk.h5
Surface for nuc 1
Rmaxsurface 10.000000
Npang points 5810
Ntrial 11
Rprimer 0.400000
Epsiscp 0.220000
Epsroot 0.000100
ODE solver rkck
ODE tool 0.000010
Max steps in ODE solver 100

Good rho position 0.000000 0.000000 2.222366
Good rho position 0.000000 0.000000 -0.740761
Rmin for surface 1.820511
Rmax for surface 10.000000
Write HDF5 surface file
Surface of atom 1 saved
    CPU time for BaderSurf build     56.65 sec
