
******** <class '__main__.BaderSurf'> flags ********
* General Info
Date Sat Jan  5 04:25:04 2019
Python 2.7.14 (default, Apr 10 2018, 19:21:27) 
[GCC 7.3.0]
Numpy 1.15.4
Number of threads 4
Verbose level 4
Scratch dir /scratch-ssd/jluis
Input data file h2.chk
Max_memory 32000 MB (current use 70 MB)
Correlated ? False
* Molecular Info
Num atoms 2
Num electrons 2
Total charge 0
Spin 0 
Atom Coordinates (Bohr)
Nuclei 0 with charge 1 position : 0.000000  0.000000  -0.708647
Nuclei 1 with charge 1 position : 0.000000  0.000000  0.708647
* Basis Info
Is cartesian False
Number of molecular orbitals 2
Orbital EPS occ criterion 1.000000e-06
Number of occupied molecular orbitals 1
Number of molecular primitives 2
* Surface Info
Lebedev quadrature
Npang points 5810
Surface file h2.chk.h5
Surface for nuc 0
Rmaxsurface 10.000000
Ntrial 11
Rprimer 0.400000
Epsiscp 0.220000
Epsroot 1.000000e-05
ODE solver rkck
ODE tool 1.000000e-05
Max steps in ODE solver 200

Check rho position 0.000000 0.000000 -0.627370
Setting xyrho for atom to imput coords
Check rho position 0.000000 0.000000 0.627370
Setting xyrho for atom to imput coords
Time finding nucleus 0.041 (sec)
Time finding surface 7.075 (sec)
Rmin for surface 0.708646
Rmax for surface 10.000000
Write HDF5 surface file
Surface of atom 0 saved
    CPU time for BaderSurf build     28.58 sec

******** <class '__main__.BaderSurf'> flags ********
* General Info
Date Sat Jan  5 04:25:12 2019
Python 2.7.14 (default, Apr 10 2018, 19:21:27) 
[GCC 7.3.0]
Numpy 1.15.4
Number of threads 4
Verbose level 4
Scratch dir /scratch-ssd/jluis
Input data file h2.chk
Max_memory 32000 MB (current use 72 MB)
Correlated ? False
* Molecular Info
Num atoms 2
Num electrons 2
Total charge 0
Spin 0 
Atom Coordinates (Bohr)
Nuclei 0 with charge 1 position : 0.000000  0.000000  -0.708647
Nuclei 1 with charge 1 position : 0.000000  0.000000  0.708647
* Basis Info
Is cartesian False
Number of molecular orbitals 2
Orbital EPS occ criterion 1.000000e-06
Number of occupied molecular orbitals 1
Number of molecular primitives 2
* Surface Info
Lebedev quadrature
Npang points 5810
Surface file h2.chk.h5
Surface for nuc 1
Rmaxsurface 10.000000
Ntrial 11
Rprimer 0.400000
Epsiscp 0.220000
Epsroot 1.000000e-05
ODE solver rkck
ODE tool 1.000000e-05
Max steps in ODE solver 200

Check rho position 0.000000 0.000000 -0.627370
Setting xyrho for atom to imput coords
Check rho position 0.000000 0.000000 0.627370
Setting xyrho for atom to imput coords
Time finding nucleus 0.041 (sec)
Time finding surface 7.067 (sec)
Rmin for surface 0.708646
Rmax for surface 10.000000
Write HDF5 surface file
Surface of atom 1 saved
    CPU time for BaderSurf build     28.66 sec
