
******** <class '__main__.Aom'> flags ********
* General Info
Date Fri Jan  4 23:09:45 2019
Python 2.7.14 (default, Apr 10 2018, 19:21:27) 
[GCC 7.3.0]
Numpy 1.15.4
Number of threads 4
Verbose level 4
Scratch dir /scratch-ssd/jluis
Input data file h2o.chk
Max_memory 32000 MB (current use 72 MB)
* Molecular Info
Num atoms 3
Num electrons 10
Total charge 0
Spin 0 
Atom Coordinates (Bohr)
Nuclei 0 with charge 8 position : 0.000000  0.000000  0.222261
Nuclei 1 with charge 1 position : 1.438435  0.000000  -0.889042
Nuclei 2 with charge 1 position : -1.438435  0.000000  -0.889042
* Basis Info
Number of molecular orbitals 177
Number of molecular primitives 177
* Surface Info
Surface file h2o.chk.h5
Surface for nuc 0
Nuclear coordinate 0.000000  0.000000  0.222249
Rho nuclear coordinate 0.000000  0.000000  0.222249
Npang points 5810
Ntrial 11
Rmin for surface 1.477262
Rmax for surface 10.000000
Npang points inside 3074
* Radial grid Info
Number of radial points outside 221
Number of radial points inside 121
Radial outside quadrature legendre
Radial outside mapping exp
Radial inside quadrature legendre
Radial inside mapping exp
Slater-Bragg radii 0.566918
Beta-Sphere factor 0.400000
Beta-Sphere radi 0.590905

* Go with inside betasphere
Time in Bsphere 0.835 (sec)
* Go outside betasphere
Time out Bsphere 4.726 (sec)
        #0        #1        #2        #3        #4   
0       1.00000
1      -0.00009   0.92827
2      -0.00000  -0.00000   0.79479
3       0.00009   0.07539  -0.00000   0.91089
4       0.00000   0.00000   0.00000  -0.00000   0.98812
Write info to HDF5 file

AOM of atom 0 done
    CPU time for AOM build     22.22 sec

******** <class '__main__.Aom'> flags ********
* General Info
Date Fri Jan  4 23:09:51 2019
Python 2.7.14 (default, Apr 10 2018, 19:21:27) 
[GCC 7.3.0]
Numpy 1.15.4
Number of threads 4
Verbose level 4
Scratch dir /scratch-ssd/jluis
Input data file h2o.chk
Max_memory 32000 MB (current use 76 MB)
* Molecular Info
Num atoms 3
Num electrons 10
Total charge 0
Spin 0 
Atom Coordinates (Bohr)
Nuclei 0 with charge 8 position : 0.000000  0.000000  0.222261
Nuclei 1 with charge 1 position : 1.438435  0.000000  -0.889042
Nuclei 2 with charge 1 position : -1.438435  0.000000  -0.889042
* Basis Info
Number of molecular orbitals 177
Number of molecular primitives 177
* Surface Info
Surface file h2o.chk.h5
Surface for nuc 1
Nuclear coordinate 1.438435  0.000000  -0.889042
Rho nuclear coordinate 1.438435  0.000000  -0.889042
Npang points 5810
Ntrial 11
Rmin for surface 0.342227
Rmax for surface 10.000000
Npang points inside 3074
* Radial grid Info
Number of radial points outside 221
Number of radial points inside 121
Radial outside quadrature 1
Radial outside mapping 2
Radial inside quadrature 1
Radial inside mapping 2
Slater-Bragg radii 0.661404
Beta-Sphere factor 0.400000
Beta-Sphere radi 0.136891

* Go with inside betasphere
Time in Bsphere 0.818 (sec)
* Go outside betasphere
Time out Bsphere 3.649 (sec)
        #0        #1        #2        #3        #4   
0       0.00000
1       0.00005   0.03588
2       0.00008   0.05944   0.10263
3      -0.00005  -0.03771  -0.06330   0.04457
4      -0.00000  -0.00000  -0.00000  -0.00000   0.00594
Write info to HDF5 file

AOM of atom 1 done
    CPU time for AOM build     17.89 sec

******** <class '__main__.Aom'> flags ********
* General Info
Date Fri Jan  4 23:09:55 2019
Python 2.7.14 (default, Apr 10 2018, 19:21:27) 
[GCC 7.3.0]
Numpy 1.15.4
Number of threads 4
Verbose level 4
Scratch dir /scratch-ssd/jluis
Input data file h2o.chk
Max_memory 32000 MB (current use 86 MB)
* Molecular Info
Num atoms 3
Num electrons 10
Total charge 0
Spin 0 
Atom Coordinates (Bohr)
Nuclei 0 with charge 8 position : 0.000000  0.000000  0.222261
Nuclei 1 with charge 1 position : 1.438435  0.000000  -0.889042
Nuclei 2 with charge 1 position : -1.438435  0.000000  -0.889042
* Basis Info
Number of molecular orbitals 177
Number of molecular primitives 177
* Surface Info
Surface file h2o.chk.h5
Surface for nuc 2
Nuclear coordinate -1.438435  0.000000  -0.889042
Rho nuclear coordinate -1.438435  0.000000  -0.889042
Npang points 5810
Ntrial 11
Rmin for surface 0.342227
Rmax for surface 10.000000
Npang points inside 3074
* Radial grid Info
Number of radial points outside 221
Number of radial points inside 121
Radial outside quadrature 1
Radial outside mapping 2
Radial inside quadrature 1
Radial inside mapping 2
Slater-Bragg radii 0.661404
Beta-Sphere factor 0.400000
Beta-Sphere radi 0.136891

* Go with inside betasphere
Time in Bsphere 0.820 (sec)
* Go outside betasphere
Time out Bsphere 3.654 (sec)
        #0        #1        #2        #3        #4   
0       0.00000
1       0.00005   0.03588
2      -0.00008  -0.05944   0.10263
3      -0.00005  -0.03771   0.06330   0.04457
4      -0.00000   0.00000  -0.00000  -0.00000   0.00594
Write info to HDF5 file

AOM of atom 2 done
    CPU time for AOM build     17.93 sec
