
******** <class '__main__.Basin'> flags ********
* General Info
Date Fri Jan  4 22:54:07 2019
Python 2.7.14 (default, Apr 10 2018, 19:21:27) 
[GCC 7.3.0]
Numpy 1.15.4
Number of threads 4
Verbose level 4
Scratch dir /scratch-ssd/jluis
Input data file h2o.chk
Max_memory 32000 MB (current use 72 MB)
* Molecular Info
Num atoms 3
Num electrons 10
Total charge 0
Spin 0 
Atom Coordinates (Bohr)
Nuclei 0 with charge 8 position : 0.000000  0.000000  0.222261
Nuclei 1 with charge 1 position : 1.438435  0.000000  -0.889042
Nuclei 2 with charge 1 position : -1.438435  0.000000  -0.889042
* Basis Info
Number of molecular orbitals 177
Number of molecular primitives 177
* Surface Info
Surface file h2o.chk.h5
Surface for nuc 0
Nuclear coordinate 0.000000  0.000000  0.222249
Rho nuclear coordinate 0.000000  0.000000  0.222249
Npang points 5810
Ntrial 11
Rmin for surface 1.477262
Rmax for surface 10.000000
Npang points inside 3074
* Radial grid Info
Number of radial points outside 221
Number of radial points inside 121
Radial outside quadrature legendre
Radial outside mapping exp
Radial inside quadrature legendre
Radial inside mapping exp
Slater-Bragg radii 0.566918
Beta-Sphere factor 0.400000
Beta-Sphere radi 0.590905

* Go with inside betasphere
*--> density density inside bsphere  2.79568 
*--> kinetic density inside bsphere 66.88393 
*--> laplacian density inside bsphere -7.04245 
Time in Bsphere 2.740 (sec)
* Go outside betasphere
*--> density density outside bsphere  6.44845 
*--> kinetic density outside bsphere  8.40747 
*--> laplacian density outside bsphere  7.04233 
Time out Bsphere 11.033 (sec)
Write info to HDF5 file
*-> Total density density  9.24413 
*-> Total kinetic density 75.29140 
*-> Total laplacian density -0.00012 

Basim properties of atom 0 done
    CPU time for Basin build     55.07 sec

******** <class '__main__.Basin'> flags ********
* General Info
Date Fri Jan  4 22:54:20 2019
Python 2.7.14 (default, Apr 10 2018, 19:21:27) 
[GCC 7.3.0]
Numpy 1.15.4
Number of threads 4
Verbose level 4
Scratch dir /scratch-ssd/jluis
Input data file h2o.chk
Max_memory 32000 MB (current use 84 MB)
* Molecular Info
Num atoms 3
Num electrons 10
Total charge 0
Spin 0 
Atom Coordinates (Bohr)
Nuclei 0 with charge 8 position : 0.000000  0.000000  0.222261
Nuclei 1 with charge 1 position : 1.438435  0.000000  -0.889042
Nuclei 2 with charge 1 position : -1.438435  0.000000  -0.889042
* Basis Info
Number of molecular orbitals 177
Number of molecular primitives 177
* Surface Info
Surface file h2o.chk.h5
Surface for nuc 1
Nuclear coordinate 1.438435  0.000000  -0.889042
Rho nuclear coordinate 1.438435  0.000000  -0.889042
Npang points 5810
Ntrial 11
Rmin for surface 0.342227
Rmax for surface 10.000000
Npang points inside 3074
* Radial grid Info
Number of radial points outside 221
Number of radial points inside 121
Radial outside quadrature 1
Radial outside mapping 2
Radial inside quadrature 1
Radial inside mapping 2
Slater-Bragg radii 0.661404
Beta-Sphere factor 0.400000
Beta-Sphere radi 0.136891

* Go with inside betasphere
*--> density density inside bsphere  0.00396 
*--> kinetic density inside bsphere  0.00258 
*--> laplacian density inside bsphere -0.14984 
Time in Bsphere 2.721 (sec)
* Go outside betasphere
*--> density density outside bsphere  0.37407 
*--> kinetic density outside bsphere  0.33327 
*--> laplacian density outside bsphere  0.14976 
Time out Bsphere 7.971 (sec)
Write info to HDF5 file
*-> Total density density  0.37803 
*-> Total kinetic density  0.33585 
*-> Total laplacian density -0.00008 

Basim properties of atom 1 done
    CPU time for Basin build     42.79 sec

******** <class '__main__.Basin'> flags ********
* General Info
Date Fri Jan  4 22:54:31 2019
Python 2.7.14 (default, Apr 10 2018, 19:21:27) 
[GCC 7.3.0]
Numpy 1.15.4
Number of threads 4
Verbose level 4
Scratch dir /scratch-ssd/jluis
Input data file h2o.chk
Max_memory 32000 MB (current use 113 MB)
* Molecular Info
Num atoms 3
Num electrons 10
Total charge 0
Spin 0 
Atom Coordinates (Bohr)
Nuclei 0 with charge 8 position : 0.000000  0.000000  0.222261
Nuclei 1 with charge 1 position : 1.438435  0.000000  -0.889042
Nuclei 2 with charge 1 position : -1.438435  0.000000  -0.889042
* Basis Info
Number of molecular orbitals 177
Number of molecular primitives 177
* Surface Info
Surface file h2o.chk.h5
Surface for nuc 2
Nuclear coordinate -1.438435  0.000000  -0.889042
Rho nuclear coordinate -1.438435  0.000000  -0.889042
Npang points 5810
Ntrial 11
Rmin for surface 0.342227
Rmax for surface 10.000000
Npang points inside 3074
* Radial grid Info
Number of radial points outside 221
Number of radial points inside 121
Radial outside quadrature 1
Radial outside mapping 2
Radial inside quadrature 1
Radial inside mapping 2
Slater-Bragg radii 0.661404
Beta-Sphere factor 0.400000
Beta-Sphere radi 0.136891

* Go with inside betasphere
*--> density density inside bsphere  0.00396 
*--> kinetic density inside bsphere  0.00258 
*--> laplacian density inside bsphere -0.14984 
Time in Bsphere 2.638 (sec)
* Go outside betasphere
*--> density density outside bsphere  0.37407 
*--> kinetic density outside bsphere  0.33327 
*--> laplacian density outside bsphere  0.14976 
Time out Bsphere 7.881 (sec)
Write info to HDF5 file
*-> Total density density  0.37803 
*-> Total kinetic density  0.33585 
*-> Total laplacian density -0.00008 

Basim properties of atom 2 done
    CPU time for Basin build     42.10 sec
