
******** <class '__main__.BaderSurf'> flags ********
* General Info
Date Fri Jan  4 22:35:06 2019
Python 2.7.14 (default, Apr 10 2018, 19:21:27) 
[GCC 7.3.0]
Numpy 1.15.4
Number of threads 4
Verbose level 4
Scratch dir /scratch-ssd/jluis
Input data file h2o.chk
Max_memory 32000 MB (current use 70 MB)
* Molecular Info
Num atoms 3
Num electrons 10
Total charge 0
Spin 0 
Atom Coordinates (Bohr)
Nuclei 0 with charge 8 position : 0.000000  0.000000  0.222261
Nuclei 1 with charge 1 position : 1.438435  0.000000  -0.889042
Nuclei 2 with charge 1 position : -1.438435  0.000000  -0.889042
* Basis Info
Is cartesian False
Number of molecular orbitals 177
Number of molecular primitives 177
* Surface Info
Lebedev quadrature
Npang points 5810
Surface file h2o.chk.h5
Surface for nuc 0
Rmaxsurface 10.000000
Ntrial 11
Rprimer 0.400000
Epsiscp 0.220000
Epsroot 0.000010
ODE solver rkck
ODE tool 0.000010
Max steps in ODE solver 200

Good rho position 0.000000 0.000000 0.222249
Check rho position 1.426970 0.000000 -0.880739
Setting xyrho for atom to imput coords
Check rho position -1.426970 0.000000 -0.880739
Setting xyrho for atom to imput coords
Time finding nucleus 0.095 (sec)
Time finding surface 40.151 (sec)
Rmin for surface 1.477262
Rmax for surface 10.000000
Write HDF5 surface file
Surface of atom 0 saved
    CPU time for BaderSurf build    161.08 sec

******** <class '__main__.BaderSurf'> flags ********
* General Info
Date Fri Jan  4 22:35:46 2019
Python 2.7.14 (default, Apr 10 2018, 19:21:27) 
[GCC 7.3.0]
Numpy 1.15.4
Number of threads 4
Verbose level 4
Scratch dir /scratch-ssd/jluis
Input data file h2o.chk
Max_memory 32000 MB (current use 74 MB)
* Molecular Info
Num atoms 3
Num electrons 10
Total charge 0
Spin 0 
Atom Coordinates (Bohr)
Nuclei 0 with charge 8 position : 0.000000  0.000000  0.222261
Nuclei 1 with charge 1 position : 1.438435  0.000000  -0.889042
Nuclei 2 with charge 1 position : -1.438435  0.000000  -0.889042
* Basis Info
Is cartesian False
Number of molecular orbitals 177
Number of molecular primitives 177
* Surface Info
Lebedev quadrature
Npang points 5810
Surface file h2o.chk.h5
Surface for nuc 1
Rmaxsurface 10.000000
Ntrial 11
Rprimer 0.400000
Epsiscp 0.220000
Epsroot 0.000010
ODE solver rkck
ODE tool 0.000010
Max steps in ODE solver 200

Good rho position 0.000000 0.000000 0.222249
Check rho position 1.426970 0.000000 -0.880739
Setting xyrho for atom to imput coords
Check rho position -1.426970 0.000000 -0.880739
Setting xyrho for atom to imput coords
Time finding nucleus 0.071 (sec)
Time finding surface 84.736 (sec)
Rmin for surface 0.342227
Rmax for surface 10.000000
Write HDF5 surface file
Surface of atom 1 saved
    CPU time for BaderSurf build    339.44 sec

******** <class '__main__.BaderSurf'> flags ********
* General Info
Date Fri Jan  4 22:37:11 2019
Python 2.7.14 (default, Apr 10 2018, 19:21:27) 
[GCC 7.3.0]
Numpy 1.15.4
Number of threads 4
Verbose level 4
Scratch dir /scratch-ssd/jluis
Input data file h2o.chk
Max_memory 32000 MB (current use 75 MB)
* Molecular Info
Num atoms 3
Num electrons 10
Total charge 0
Spin 0 
Atom Coordinates (Bohr)
Nuclei 0 with charge 8 position : 0.000000  0.000000  0.222261
Nuclei 1 with charge 1 position : 1.438435  0.000000  -0.889042
Nuclei 2 with charge 1 position : -1.438435  0.000000  -0.889042
* Basis Info
Is cartesian False
Number of molecular orbitals 177
Number of molecular primitives 177
* Surface Info
Lebedev quadrature
Npang points 5810
Surface file h2o.chk.h5
Surface for nuc 2
Rmaxsurface 10.000000
Ntrial 11
Rprimer 0.400000
Epsiscp 0.220000
Epsroot 0.000010
ODE solver rkck
ODE tool 0.000010
Max steps in ODE solver 200

Good rho position 0.000000 0.000000 0.222249
Check rho position 1.426970 0.000000 -0.880739
Setting xyrho for atom to imput coords
Check rho position -1.426970 0.000000 -0.880739
Setting xyrho for atom to imput coords
Time finding nucleus 0.071 (sec)
Time finding surface 85.226 (sec)
Rmin for surface 0.342227
Rmax for surface 10.000000
Write HDF5 surface file
Surface of atom 2 saved
    CPU time for BaderSurf build    341.40 sec
