Surface file is : h2o.chk.h5
Surface info for atom : 0
Nuclei 0 position :  0.00000  0.00000  0.22225
Nuclei rho 0 position :  0.00000  0.00000  0.22225
Number of angular points : 5810
Ntrial : 11
Rmin and rmax for surface :  1.47726 10.00000
Surface file is : h2o.chk.h5
Surface info for atom : 1
Nuclei 1 position :  1.43843  0.00000 -0.88904
Nuclei rho 1 position :  1.43843  0.00000 -0.88904
Number of angular points : 5810
Ntrial : 11
Rmin and rmax for surface :  0.34223 10.00000
Surface file is : h2o.chk.h5
Surface info for atom : 2
Nuclei 2 position : -1.43843  0.00000 -0.88904
Nuclei rho 2 position : -1.43843  0.00000 -0.88904
Number of angular points : 5810
Ntrial : 11
Rmin and rmax for surface :  0.34223 10.00000
Follow AOM for atom 0
        #0        #1        #2        #3        #4   
0       1.00000
1      -0.00009   0.92827
2      -0.00000  -0.00000   0.79479
3       0.00009   0.07539  -0.00000   0.91089
4       0.00000   0.00000   0.00000  -0.00000   0.98812
Nuclei 0 prop density value :  9.24413
Nuclei 0 prop kinetic value : 75.29140
Nuclei 0 prop laplacian value : -0.00012
Follow AOM for atom 1
        #0        #1        #2        #3        #4   
0       0.00000
1       0.00005   0.03588
2       0.00008   0.05944   0.10263
3      -0.00005  -0.03771  -0.06330   0.04457
4      -0.00000  -0.00000  -0.00000  -0.00000   0.00594
Nuclei 1 prop density value :  0.37803
Nuclei 1 prop kinetic value :  0.33585
Nuclei 1 prop laplacian value : -0.00008
Follow AOM for atom 2
        #0        #1        #2        #3        #4   
0       0.00000
1       0.00005   0.03588
2      -0.00008  -0.05944   0.10263
3      -0.00005  -0.03771   0.06330   0.04457
4      -0.00000   0.00000  -0.00000  -0.00000   0.00594
Nuclei 2 prop density value :  0.37803
Nuclei 2 prop kinetic value :  0.33585
Nuclei 2 prop laplacian value : -0.00008
Tot prop density value : 10.00019
Tot prop kinetic value : 75.96311
Tot prop laplacian value : -0.00029
Follow total AOM
        #0        #1        #2        #3        #4   
0       1.00000
1       0.00000   1.00003
2      -0.00000   0.00000   1.00004
3       0.00000  -0.00003   0.00000   1.00003
4       0.00000   0.00000  -0.00000  -0.00000   1.00000
