
******** <class '__main__.Basin'> flags ********
* General Info
Date Sat Jan  5 04:25:51 2019
Python 2.7.14 (default, Apr 10 2018, 19:21:27) 
[GCC 7.3.0]
Numpy 1.15.4
Number of threads 4
Verbose level 4
Scratch dir /scratch-ssd/jluis
Input data file h2.chk
Max_memory 32000 MB (current use 71 MB)
Correlated ? False
* Molecular Info
Num atoms 2
Num electrons 2
Total charge 0
Spin 0 
Atom Coordinates (Bohr)
Nuclei 0 with charge 1 position : 0.000000  0.000000  -0.708647
Nuclei 1 with charge 1 position : 0.000000  0.000000  0.708647
* Basis Info
Number of molecular orbitals 2
Orbital EPS occ criterion 1.000000e-06
Number of occupied molecular orbitals 1
Number of molecular primitives 2
* Surface Info
Surface file h2.chk.h5
Properties for nuc 0
Nuclear coordinate 0.000000  0.000000  -0.708647
Rho nuclear coordinate 0.000000  0.000000  -0.708647
Npang points 5810
Ntrial 11
Rmin for surface 0.708646
Rmax for surface 10.000000
* Radial and angular grid Info
Npang points inside 3074
Number of radial points outside 221
Number of radial points inside 121
Radial outside quadrature legendre
Radial outside mapping exp
Radial inside quadrature legendre
Radial inside mapping exp
Slater-Bragg radii 0.661404
Beta-Sphere factor 0.400000
Beta-Sphere radi 0.283459

* Go with inside betasphere
*--> density density inside bsphere  0.02945 
*--> kinetic density inside bsphere  0.00602 
*--> laplacian density inside bsphere -0.42451 
Time in Bsphere 0.649 (sec)
* Go outside betasphere
*--> density density outside bsphere  0.97059 
*--> kinetic density outside bsphere  0.59345 
*--> laplacian density outside bsphere  0.42472 
Time out Bsphere 3.616 (sec)
Write info to HDF5 file
*-> Total density density  1.00004 
*-> Total kinetic density  0.59947 
*-> Total laplacian density  0.00021 

Basim properties of atom 0 done
    CPU time for Basin build     17.04 sec

******** <class '__main__.Basin'> flags ********
* General Info
Date Sat Jan  5 04:25:56 2019
Python 2.7.14 (default, Apr 10 2018, 19:21:27) 
[GCC 7.3.0]
Numpy 1.15.4
Number of threads 4
Verbose level 4
Scratch dir /scratch-ssd/jluis
Input data file h2.chk
Max_memory 32000 MB (current use 75 MB)
Correlated ? False
* Molecular Info
Num atoms 2
Num electrons 2
Total charge 0
Spin 0 
Atom Coordinates (Bohr)
Nuclei 0 with charge 1 position : 0.000000  0.000000  -0.708647
Nuclei 1 with charge 1 position : 0.000000  0.000000  0.708647
* Basis Info
Number of molecular orbitals 2
Orbital EPS occ criterion 1.000000e-06
Number of occupied molecular orbitals 1
Number of molecular primitives 2
* Surface Info
Surface file h2.chk.h5
Properties for nuc 1
Nuclear coordinate 0.000000  0.000000  0.708647
Rho nuclear coordinate 0.000000  0.000000  0.708647
Npang points 5810
Ntrial 11
Rmin for surface 0.708646
Rmax for surface 10.000000
* Radial and angular grid Info
Npang points inside 3074
Number of radial points outside 221
Number of radial points inside 121
Radial outside quadrature 1
Radial outside mapping 2
Radial inside quadrature 1
Radial inside mapping 2
Slater-Bragg radii 0.661404
Beta-Sphere factor 0.400000
Beta-Sphere radi 0.283459

* Go with inside betasphere
*--> density density inside bsphere  0.02945 
*--> kinetic density inside bsphere  0.00602 
*--> laplacian density inside bsphere -0.42451 
Time in Bsphere 0.646 (sec)
* Go outside betasphere
*--> density density outside bsphere  0.97059 
*--> kinetic density outside bsphere  0.59345 
*--> laplacian density outside bsphere  0.42472 
Time out Bsphere 3.630 (sec)
Write info to HDF5 file
*-> Total density density  1.00004 
*-> Total kinetic density  0.59947 
*-> Total laplacian density  0.00021 

Basim properties of atom 1 done
    CPU time for Basin build     17.12 sec
