
******** <class 'surf.BaderSurf'> flags ********
* General Info
Date Sat Jan  5 19:34:27 2019
Python 2.7.14 (default, Apr 10 2018, 19:21:27) 
[GCC 7.3.0]
Numpy 1.15.4
Number of threads 4
Verbose level 4
Scratch dir /scratch-ssd/jluis
Input data file co.chk
Max_memory 32000 MB (current use 70 MB)
Correlated ? False
* Molecular Info
Num atoms 2
Num electrons 14
Total charge 0
Spin 0 
Atom Coordinates (Bohr)
Nuclei 0 with charge 6 position : 0.000000  0.000000  -1.213272
Nuclei 1 with charge 8 position : 0.000000  0.000000  0.909954
* Basis Info
Is cartesian False
Number of molecular orbitals 170
Orbital EPS occ criterion 1.000000e-06
Number of occupied molecular orbitals 7
Number of molecular primitives 170
* Surface Info
Lebedev quadrature
Npang points 5810
Surface file co.chk.h5
Surface for nuc 0
Rmaxsurface 10.000000
Ntrial 11
Rprimer 0.400000
Epsiscp 0.220000
Epsroot 1.000000e-05
ODE solver rkck
ODE tool 1.000000e-05
Max steps in ODE solver 200

Good rho position 0.000000 0.000000 -1.213259
Good rho position 0.000000 0.000000 0.909946
Time finding nucleus 0.049 (sec)
Time finding surface 37.042 (sec)
Rmin for surface 0.714516
Rmax for surface 10.000000
Write HDF5 surface file
Surface of atom 0 saved
    CPU time for BaderSurf build    148.48 sec

******** <class 'surf.BaderSurf'> flags ********
* General Info
Date Sat Jan  5 19:35:04 2019
Python 2.7.14 (default, Apr 10 2018, 19:21:27) 
[GCC 7.3.0]
Numpy 1.15.4
Number of threads 4
Verbose level 4
Scratch dir /scratch-ssd/jluis
Input data file co.chk
Max_memory 32000 MB (current use 73 MB)
Correlated ? False
* Molecular Info
Num atoms 2
Num electrons 14
Total charge 0
Spin 0 
Atom Coordinates (Bohr)
Nuclei 0 with charge 6 position : 0.000000  0.000000  -1.213272
Nuclei 1 with charge 8 position : 0.000000  0.000000  0.909954
* Basis Info
Is cartesian False
Number of molecular orbitals 170
Orbital EPS occ criterion 1.000000e-06
Number of occupied molecular orbitals 7
Number of molecular primitives 170
* Surface Info
Lebedev quadrature
Npang points 5810
Surface file co.chk.h5
Surface for nuc 1
Rmaxsurface 10.000000
Ntrial 11
Rprimer 0.400000
Epsiscp 0.220000
Epsroot 1.000000e-05
ODE solver rkck
ODE tool 1.000000e-05
Max steps in ODE solver 200

Good rho position 0.000000 0.000000 -1.213259
Good rho position 0.000000 0.000000 0.909946
Time finding nucleus 0.048 (sec)
Time finding surface 40.304 (sec)
Rmin for surface 1.408686
Rmax for surface 10.000000
Write HDF5 surface file
Surface of atom 1 saved
    CPU time for BaderSurf build    161.62 sec
